Log file open, 06/06/23 14:42:59
LogWindows: Failed to load 'aqProf.dll' (GetLastError=126)
LogWindows: File 'aqProf.dll' does not exist
LogWindows: Failed to load 'VtuneApi.dll' (GetLastError=126)
LogWindows: File 'VtuneApi.dll' does not exist
LogWindows: Failed to load 'VtuneApi32e.dll' (GetLastError=126)
LogWindows: File 'VtuneApi32e.dll' does not exist
LogConsoleResponse: Display: Failed to find resolution value strings in scalability ini. Falling back to default.
LogConsoleResponse: Display: Failed to find resolution value strings in scalability ini. Falling back to default.
LogInit: Display: Running engine for game: syuri_data
LogPlatformFile: Not using cached read wrapper
LogTaskGraph: Started task graph with 5 named threads and 35 total threads with 3 sets of task threads.
LogStats: Stats thread started at 0.252707
LogICUInternationalization: ICU TimeZone Detection - Raw Offset: +9:00, Platform Override: ''
LogInit: Display: Loading text-based GConfig....
LogPluginManager: Mounting plugin MeshPainting
LogPluginManager: Mounting plugin XGEController
LogPluginManager: Mounting plugin Paper2D
LogPluginManager: Mounting plugin LiveLink
LogPluginManager: Mounting plugin AISupport
LogPluginManager: Mounting plugin EnvironmentQueryEditor
LogPluginManager: Mounting plugin LightPropagationVolume
LogPluginManager: Mounting plugin CameraShakePreviewer
LogPluginManager: Mounting plugin GameplayCameras
LogPluginManager: Mounting plugin OodleData
LogPluginManager: Mounting plugin OodleNetwork
LogPluginManager: Mounting plugin AnimationSharing
LogPluginManager: Mounting plugin CLionSourceCodeAccess
LogPluginManager: Mounting plugin CodeLiteSourceCodeAccess
LogPluginManager: Mounting plugin GitSourceControl
LogPluginManager: Mounting plugin KDevelopSourceCodeAccess
LogPluginManager: Mounting plugin NullSourceCodeAccess
LogPluginManager: Mounting plugin PerforceSourceControl
LogPluginManager: Mounting plugin PixWinPlugin
LogPluginManager: Mounting plugin PlasticSourceControl
LogPluginManager: Mounting plugin PluginUtils
LogPluginManager: Mounting plugin PropertyAccessNode
LogPluginManager: Mounting plugin RiderSourceCodeAccess
LogPluginManager: Mounting plugin SubversionSourceControl
LogPluginManager: Mounting plugin TextureFormatOodle
LogPluginManager: Mounting plugin UObjectPlugin
LogPluginManager: Mounting plugin VisualStudioSourceCodeAccess
LogPluginManager: Mounting plugin VisualStudioCodeSourceCodeAccess
LogPluginManager: Mounting plugin XCodeSourceCodeAccess
LogPluginManager: Mounting plugin AssetManagerEditor
LogPluginManager: Mounting plugin CryptoKeys
LogPluginManager: Mounting plugin CurveEditorTools
LogPluginManager: Mounting plugin DataValidation
LogPluginManager: Mounting plugin FacialAnimation
LogPluginManager: Mounting plugin GameplayTagsEditor
LogPluginManager: Mounting plugin GeometryMode
LogPluginManager: Mounting plugin MacGraphicsSwitching
LogPluginManager: Mounting plugin MaterialAnalyzer
LogPluginManager: Mounting plugin MobileLauncherProfileWizard
LogPluginManager: Mounting plugin PluginBrowser
LogPluginManager: Mounting plugin SpeedTreeImporter
LogPluginManager: Mounting plugin DatasmithContent
LogPluginManager: Mounting plugin VariantManagerContent
LogPluginManager: Mounting plugin AlembicImporter
LogPluginManager: Mounting plugin AutomationUtils
LogPluginManager: Mounting plugin BackChannel
LogPluginManager: Mounting plugin ChaosClothEditor
LogPluginManager: Mounting plugin ChaosCloth
LogPluginManager: Mounting plugin ChaosEditor
LogPluginManager: Mounting plugin ChaosNiagara
LogPluginManager: Mounting plugin ChaosSolverPlugin
LogPluginManager: Mounting plugin CharacterAI
LogPluginManager: Mounting plugin Niagara
LogPluginManager: Mounting plugin GeometryCache
LogPluginManager: Mounting plugin GeometryCollectionPlugin
LogPluginManager: Mounting plugin GeometryProcessing
LogPluginManager: Mounting plugin MotoSynth
LogPluginManager: Mounting plugin OpenImageDenoise
LogPluginManager: Mounting plugin PlanarCut
LogPluginManager: Mounting plugin PlatformCrypto
LogPluginManager: Mounting plugin ProxyLODPlugin
LogPluginManager: Mounting plugin PythonScriptPlugin
LogPluginManager: Mounting plugin SkeletalReduction
LogPluginManager: Mounting plugin LuminPlatformFeatures
LogPluginManager: Mounting plugin MagicLeap
LogPluginManager: Mounting plugin MagicLeapLightEstimation
LogPluginManager: Mounting plugin MagicLeapMedia
LogPluginManager: Mounting plugin MagicLeapPassableWorld
LogPluginManager: Mounting plugin MLSDK
LogPluginManager: Mounting plugin AndroidMedia
LogPluginManager: Mounting plugin AvfMedia
LogPluginManager: Mounting plugin ImgMedia
LogPluginManager: Mounting plugin MediaCompositing
LogPluginManager: Mounting plugin MediaPlayerEditor
LogPluginManager: Mounting plugin WebMMedia
LogPluginManager: Mounting plugin WmfMedia
LogPluginManager: Mounting plugin TcpMessaging
LogPluginManager: Mounting plugin UdpMessaging
LogPluginManager: Mounting plugin ActorSequence
LogPluginManager: Mounting plugin LevelSequenceEditor
LogPluginManager: Mounting plugin MatineeToLevelSequence
LogPluginManager: Mounting plugin TemplateSequence
LogPluginManager: Mounting plugin OnlineSubsystem
LogPluginManager: Mounting plugin OnlineSubsystemNull
LogPluginManager: Mounting plugin OnlineSubsystemUtils
LogPluginManager: Mounting plugin LauncherChunkInstaller
LogPluginManager: Mounting plugin ActorLayerUtilities
LogPluginManager: Mounting plugin AndroidDeviceProfileSelector
LogPluginManager: Mounting plugin AndroidMoviePlayer
LogPluginManager: Mounting plugin AndroidPermission
LogPluginManager: Mounting plugin AppleImageUtils
LogPluginManager: Mounting plugin AppleMoviePlayer
LogPluginManager: Mounting plugin ArchVisCharacter
LogPluginManager: Mounting plugin AssetTags
LogPluginManager: Mounting plugin AudioCapture
LogPluginManager: Mounting plugin AudioSynesthesia
LogPluginManager: Mounting plugin CableComponent
LogPluginManager: Mounting plugin ChunkDownloader
LogPluginManager: Mounting plugin CustomMeshComponent
LogPluginManager: Mounting plugin EditableMesh
LogPluginManager: Mounting plugin ExampleDeviceProfileSelector
LogPluginManager: Mounting plugin GoogleCloudMessaging
LogPluginManager: Mounting plugin GooglePAD
LogPluginManager: Mounting plugin IOSDeviceProfileSelector
LogPluginManager: Mounting plugin LinuxDeviceProfileSelector
LogPluginManager: Mounting plugin LocationServicesBPLibrary
LogPluginManager: Mounting plugin MobilePatchingUtils
LogPluginManager: Mounting plugin OpenXR
LogPluginManager: Mounting plugin OpenXREyeTracker
LogPluginManager: Mounting plugin OpenXRHandTracking
LogPluginManager: Mounting plugin PhysXVehicles
LogPluginManager: Mounting plugin PostSplashScreen
LogPluginManager: Mounting plugin ProceduralMeshComponent
LogPluginManager: Mounting plugin PropertyAccessEditor
LogPluginManager: Mounting plugin RuntimePhysXCooking
LogPluginManager: Mounting plugin SignificanceManager
LogPluginManager: Mounting plugin SoundFields
LogPluginManager: Mounting plugin Synthesis
LogPluginManager: Mounting plugin WebMMoviePlayer
LogPluginManager: Mounting plugin WindowsMoviePlayer
LogPluginManager: Mounting plugin ScreenshotTools
LogPluginManager: Mounting plugin MultiUserTakes
LogPluginManager: Mounting plugin Takes
LogPluginManager: Mounting plugin ConcertMain
LogPluginManager: Mounting plugin MultiUserClient
LogPluginManager: Mounting plugin ContentBrowserAssetDataSource
LogPluginManager: Mounting plugin ContentBrowserClassDataSource
LogPluginManager: Mounting plugin ContentBrowserFileDataSource
LogPluginManager: Mounting plugin OnlineSubsystemGooglePlay
LogPluginManager: Mounting plugin OnlineSubsystemIOS
LogPluginManager: Mounting plugin SQLiteCore
LogPluginManager: Mounting plugin OculusVR
LogPluginManager: Mounting plugin SteamVR
LogPluginManager: Mounting plugin ConcertSyncCore
LogPluginManager: Mounting plugin ConcertSyncClient
PixWinPlugin: PIX capture plugin failed to initialize! Check that the process is launched from PIX.
LogInit: Using libcurl 7.55.1-DEV
LogInit:  - built for x86_64-pc-win32
LogInit:  - supports SSL with OpenSSL/1.1.1
LogInit:  - supports HTTP deflate (compression) using libz 1.2.8
LogInit:  - other features:
LogInit:      CURL_VERSION_SSL
LogInit:      CURL_VERSION_LIBZ
LogInit:      CURL_VERSION_IPV6
LogInit:      CURL_VERSION_ASYNCHDNS
LogInit:      CURL_VERSION_LARGEFILE
LogInit:      CURL_VERSION_IDN
LogInit:  CurlRequestOptions (configurable via config and command line):
LogInit:  - bVerifyPeer = true  - Libcurl will verify peer certificate
LogInit:  - bUseHttpProxy = false  - Libcurl will NOT use HTTP proxy
LogInit:  - bDontReuseConnections = false  - Libcurl will reuse connections
LogInit:  - MaxHostConnections = 16  - Libcurl will limit the number of connections to a host
LogInit:  - LocalHostAddr = Default
LogInit:  - BufferSize = 65536
LogOnline: OSS: Creating online subsystem instance for: NULL
LogInit: WinSock: version 1.1 (2.2), MaxSocks=32767, MaxUdp=65467
LogOnline: OSS: TryLoadSubsystemAndSetDefault: Loaded subsystem for module [NULL]
LogOculusPluginWrapper: OculusPlugin initialized successfully
LogHMD: Failed initializing OVRPlugin 1.59.0
LogInit: Build: ++UE4+Release-4.27-CL-18319896
LogInit: Engine Version: 4.27.2-18319896+++UE4+Release-4.27
LogInit: Compatible Engine Version: 4.27.0-17155196+++UE4+Release-4.27
LogInit: Net CL: 17155196
LogInit: OS: Windows 10 (Release 2009) (), CPU: Intel(R) Core(TM) i7-9750H CPU @ 2.60GHz, GPU: Intel(R) UHD Graphics 630
LogInit: Compiled (64-bit): Nov 30 2021 07:12:08
LogInit: Compiled with Visual C++: 19.24.28315.00
LogInit: Build Configuration: Development
LogInit: Branch Name: ++UE4+Release-4.27
LogInit: Command Line: 
LogInit: Base Directory: C:/Program Files/Epic Games/UE_4.27/Engine/Binaries/Win64/
LogInit: Allocator: TBB
LogInit: Installed Engine Build: 1
LogDevObjectVersion: Number of dev versions registered: 29
LogDevObjectVersion:   Dev-Blueprints (B0D832E4-1F89-4F0D-ACCF-7EB736FD4AA2): 10
LogDevObjectVersion:   Dev-Build (E1C64328-A22C-4D53-A36C-8E866417BD8C): 0
LogDevObjectVersion:   Dev-Core (375EC13C-06E4-48FB-B500-84F0262A717E): 4
LogDevObjectVersion:   Dev-Editor (E4B068ED-F494-42E9-A231-DA0B2E46BB41): 40
LogDevObjectVersion:   Dev-Framework (CFFC743F-43B0-4480-9391-14DF171D2073): 37
LogDevObjectVersion:   Dev-Mobile (B02B49B5-BB20-44E9-A304-32B752E40360): 3
LogDevObjectVersion:   Dev-Networking (A4E4105C-59A1-49B5-A7C5-40C4547EDFEE): 0
LogDevObjectVersion:   Dev-Online (39C831C9-5AE6-47DC-9A44-9C173E1C8E7C): 0
LogDevObjectVersion:   Dev-Physics (78F01B33-EBEA-4F98-B9B4-84EACCB95AA2): 14
LogDevObjectVersion:   Dev-Platform (6631380F-2D4D-43E0-8009-CF276956A95A): 0
LogDevObjectVersion:   Dev-Rendering (12F88B9F-8875-4AFC-A67C-D90C383ABD29): 45
LogDevObjectVersion:   Dev-Sequencer (7B5AE74C-D270-4C10-A958-57980B212A5A): 13
LogDevObjectVersion:   Dev-VR (D7296918-1DD6-4BDD-9DE2-64A83CC13884): 3
LogDevObjectVersion:   Dev-LoadTimes (C2A15278-BFE7-4AFE-6C17-90FF531DF755): 1
LogDevObjectVersion:   Private-Geometry (6EACA3D4-40EC-4CC1-B786-8BED09428FC5): 3
LogDevObjectVersion:   Dev-AnimPhys (29E575DD-E0A3-4627-9D10-D276232CDCEA): 17
LogDevObjectVersion:   Dev-Anim (AF43A65D-7FD3-4947-9873-3E8ED9C1BB05): 15
LogDevObjectVersion:   Dev-ReflectionCapture (6B266CEC-1EC7-4B8F-A30B-E4D90942FC07): 1
LogDevObjectVersion:   Dev-Automation (0DF73D61-A23F-47EA-B727-89E90C41499A): 1
LogDevObjectVersion:   FortniteMain (601D1886-AC64-4F84-AA16-D3DE0DEAC7D6): 47
LogDevObjectVersion:   FortniteRelease (E7086368-6B23-4C58-8439-1B7016265E91): 1
LogDevObjectVersion:   Dev-Enterprise (9DFFBCD6-494F-0158-E221-12823C92A888): 10
LogDevObjectVersion:   Dev-Niagara (F2AED0AC-9AFE-416F-8664-AA7FFA26D6FC): 1
LogDevObjectVersion:   Dev-Destruction (174F1F0B-B4C6-45A5-B13F-2EE8D0FB917D): 10
LogDevObjectVersion:   Dev-Physics-Ext (35F94A83-E258-406C-A318-09F59610247C): 41
LogDevObjectVersion:   Dev-PhysicsMaterial-Chaos (B68FC16E-8B1B-42E2-B453-215C058844FE): 1
LogDevObjectVersion:   Dev-CineCamera (B2E18506-4273-CFC2-A54E-F4BB758BBA07): 1
LogDevObjectVersion:   Dev-VirtualProduction (64F58936-FD1B-42BA-BA96-7289D5D0FA4E): 1
LogDevObjectVersion:   Dev-MediaFramework (6F0ED827-A609-4895-9C91-998D90180EA4): 2
LogInit: Presizing for max 25165824 objects, including 0 objects not considered by GC, pre-allocating 0 bytes for permanent pool.
LogConfig: Applying CVar settings from Section [/Script/Engine.StreamingSettings] File [C:/Users/USER/Desktop/DataShare/syuri_data/Saved/Config/Windows/Engine.ini]
LogConfig: Setting CVar [[s.MinBulkDataSizeForAsyncLoading:131072]]
LogConfig: Setting CVar [[s.AsyncLoadingThreadEnabled:0]]
LogConfig: Setting CVar [[s.EventDrivenLoaderEnabled:1]]
LogConfig: Setting CVar [[s.WarnIfTimeLimitExceeded:0]]
LogConfig: Setting CVar [[s.TimeLimitExceededMultiplier:1.5]]
LogConfig: Setting CVar [[s.TimeLimitExceededMinTime:0.005]]
LogConfig: Setting CVar [[s.UseBackgroundLevelStreaming:1]]
LogConfig: Setting CVar [[s.PriorityAsyncLoadingExtraTime:15.0]]
LogConfig: Setting CVar [[s.LevelStreamingActorsUpdateTimeLimit:5.0]]
LogConfig: Setting CVar [[s.PriorityLevelStreamingActorsUpdateExtraTime:5.0]]
LogConfig: Setting CVar [[s.LevelStreamingComponentsRegistrationGranularity:10]]
LogConfig: Setting CVar [[s.UnregisterComponentsTimeLimit:1.0]]
LogConfig: Setting CVar [[s.LevelStreamingComponentsUnregistrationGranularity:5]]
LogConfig: Setting CVar [[s.FlushStreamingOnExit:1]]
LogInit: Object subsystem initialized
LogConfig: Setting CVar [[con.DebugEarlyDefault:1]]
LogConfig: Setting CVar [[r.setres:1280x720]]
[2023.06.06-05.43.00:279][  0]LogConfig: Setting CVar [[r.VSync:0]]
[2023.06.06-05.43.00:279][  0]LogConfig: Setting CVar [[r.RHICmdBypass:0]]
[2023.06.06-05.43.00:279][  0]LogConfig: Applying CVar settings from Section [/Script/Engine.RendererSettings] File [C:/Users/USER/Desktop/DataShare/syuri_data/Saved/Config/Windows/Engine.ini]
[2023.06.06-05.43.00:279][  0]LogConfig: Setting CVar [[r.GPUCrashDebugging:0]]
[2023.06.06-05.43.00:279][  0]LogConfig: Applying CVar settings from Section [/Script/Engine.RendererOverrideSettings] File [C:/Users/USER/Desktop/DataShare/syuri_data/Saved/Config/Windows/Engine.ini]
[2023.06.06-05.43.00:279][  0]LogConfig: Applying CVar settings from Section [/Script/Engine.StreamingSettings] File [C:/Users/USER/Desktop/DataShare/syuri_data/Saved/Config/Windows/Engine.ini]
[2023.06.06-05.43.00:279][  0]LogConfig: Setting CVar [[s.MinBulkDataSizeForAsyncLoading:131072]]
[2023.06.06-05.43.00:279][  0]LogConfig: Setting CVar [[s.AsyncLoadingThreadEnabled:0]]
[2023.06.06-05.43.00:279][  0]LogConfig: Setting CVar [[s.EventDrivenLoaderEnabled:1]]
[2023.06.06-05.43.00:279][  0]LogConfig: Setting CVar [[s.WarnIfTimeLimitExceeded:0]]
[2023.06.06-05.43.00:279][  0]LogConfig: Setting CVar [[s.TimeLimitExceededMultiplier:1.5]]
[2023.06.06-05.43.00:279][  0]LogConfig: Setting CVar [[s.TimeLimitExceededMinTime:0.005]]
[2023.06.06-05.43.00:279][  0]LogConfig: Setting CVar [[s.UseBackgroundLevelStreaming:1]]
[2023.06.06-05.43.00:279][  0]LogConfig: Setting CVar [[s.PriorityAsyncLoadingExtraTime:15.0]]
[2023.06.06-05.43.00:279][  0]LogConfig: Setting CVar [[s.LevelStreamingActorsUpdateTimeLimit:5.0]]
[2023.06.06-05.43.00:279][  0]LogConfig: Setting CVar [[s.PriorityLevelStreamingActorsUpdateExtraTime:5.0]]
[2023.06.06-05.43.00:279][  0]LogConfig: Setting CVar [[s.LevelStreamingComponentsRegistrationGranularity:10]]
[2023.06.06-05.43.00:279][  0]LogConfig: Setting CVar [[s.UnregisterComponentsTimeLimit:1.0]]
[2023.06.06-05.43.00:279][  0]LogConfig: Setting CVar [[s.LevelStreamingComponentsUnregistrationGranularity:5]]
[2023.06.06-05.43.00:279][  0]LogConfig: Setting CVar [[s.FlushStreamingOnExit:1]]
[2023.06.06-05.43.00:279][  0]LogConfig: Applying CVar settings from Section [/Script/Engine.GarbageCollectionSettings] File [C:/Users/USER/Desktop/DataShare/syuri_data/Saved/Config/Windows/Engine.ini]
[2023.06.06-05.43.00:279][  0]LogConfig: Setting CVar [[gc.MaxObjectsNotConsideredByGC:1]]
[2023.06.06-05.43.00:279][  0]LogConfig: Setting CVar [[gc.SizeOfPermanentObjectPool:0]]
[2023.06.06-05.43.00:279][  0]LogConfig: Setting CVar [[gc.FlushStreamingOnGC:0]]
[2023.06.06-05.43.00:279][  0]LogConfig: Setting CVar [[gc.NumRetriesBeforeForcingGC:10]]
[2023.06.06-05.43.00:279][  0]LogConfig: Setting CVar [[gc.AllowParallelGC:1]]
[2023.06.06-05.43.00:279][  0]LogConfig: Setting CVar [[gc.TimeBetweenPurgingPendingKillObjects:61.1]]
[2023.06.06-05.43.00:279][  0]LogConfig: Setting CVar [[gc.MaxObjectsInEditor:25165824]]
[2023.06.06-05.43.00:279][  0]LogConfig: Setting CVar [[gc.IncrementalBeginDestroyEnabled:1]]
[2023.06.06-05.43.00:279][  0]LogConfig: Setting CVar [[gc.CreateGCClusters:1]]
[2023.06.06-05.43.00:279][  0]LogConfig: Setting CVar [[gc.MinGCClusterSize:5]]
[2023.06.06-05.43.00:279][  0]LogConfig: Setting CVar [[gc.ActorClusteringEnabled:0]]
[2023.06.06-05.43.00:279][  0]LogConfig: Setting CVar [[gc.BlueprintClusteringEnabled:0]]
[2023.06.06-05.43.00:279][  0]LogConfig: Setting CVar [[gc.UseDisregardForGCOnDedicatedServers:0]]
[2023.06.06-05.43.00:279][  0]LogConfig: Setting CVar [[gc.MultithreadedDestructionEnabled:1]]
[2023.06.06-05.43.00:279][  0]LogConfig: Applying CVar settings from Section [/Script/Engine.NetworkSettings] File [C:/Users/USER/Desktop/DataShare/syuri_data/Saved/Config/Windows/Engine.ini]
[2023.06.06-05.43.00:279][  0]LogConfig: Applying CVar settings from Section [/Script/UnrealEd.CookerSettings] File [C:/Users/USER/Desktop/DataShare/syuri_data/Saved/Config/Windows/Engine.ini]
[2023.06.06-05.43.00:289][  0]LogConfig: Applying CVar settings from Section [ViewDistanceQuality@3] File [C:/Users/USER/Desktop/DataShare/syuri_data/Saved/Config/Windows/Scalability.ini]
[2023.06.06-05.43.00:289][  0]LogConfig: Setting CVar [[r.SkeletalMeshLODBias:0]]
[2023.06.06-05.43.00:289][  0]LogConfig: Setting CVar [[r.ViewDistanceScale:1.0]]
[2023.06.06-05.43.00:289][  0]LogConfig: Applying CVar settings from Section [AntiAliasingQuality@3] File [C:/Users/USER/Desktop/DataShare/syuri_data/Saved/Config/Windows/Scalability.ini]
[2023.06.06-05.43.00:289][  0]LogConfig: Setting CVar [[r.PostProcessAAQuality:4]]
[2023.06.06-05.43.00:289][  0]LogConfig: Applying CVar settings from Section [ShadowQuality@3] File [C:/Users/USER/Desktop/DataShare/syuri_data/Saved/Config/Windows/Scalability.ini]
[2023.06.06-05.43.00:289][  0]LogConfig: Setting CVar [[r.LightFunctionQuality:1]]
[2023.06.06-05.43.00:289][  0]LogConfig: Setting CVar [[r.ShadowQuality:5]]
[2023.06.06-05.43.00:289][  0]LogConfig: Setting CVar [[r.Shadow.CSM.MaxCascades:10]]
[2023.06.06-05.43.00:289][  0]LogConfig: Setting CVar [[r.Shadow.MaxResolution:2048]]
[2023.06.06-05.43.00:289][  0]LogConfig: Setting CVar [[r.Shadow.MaxCSMResolution:2048]]
[2023.06.06-05.43.00:289][  0]LogConfig: Setting CVar [[r.Shadow.RadiusThreshold:0.01]]
[2023.06.06-05.43.00:289][  0]LogConfig: Setting CVar [[r.Shadow.DistanceScale:1.0]]
[2023.06.06-05.43.00:289][  0]LogConfig: Setting CVar [[r.Shadow.CSM.TransitionScale:1.0]]
[2023.06.06-05.43.00:289][  0]LogConfig: Setting CVar [[r.Shadow.PreShadowResolutionFactor:1.0]]
[2023.06.06-05.43.00:289][  0]LogConfig: Setting CVar [[r.DistanceFieldShadowing:1]]
[2023.06.06-05.43.00:289][  0]LogConfig: Setting CVar [[r.DistanceFieldAO:1]]
[2023.06.06-05.43.00:289][  0]LogConfig: Setting CVar [[r.AOQuality:2]]
[2023.06.06-05.43.00:289][  0]LogConfig: Setting CVar [[r.VolumetricFog:1]]
[2023.06.06-05.43.00:289][  0]LogConfig: Setting CVar [[r.VolumetricFog.GridPixelSize:8]]
[2023.06.06-05.43.00:289][  0]LogConfig: Setting CVar [[r.VolumetricFog.GridSizeZ:128]]
[2023.06.06-05.43.00:289][  0]LogConfig: Setting CVar [[r.VolumetricFog.HistoryMissSupersampleCount:4]]
[2023.06.06-05.43.00:289][  0]LogConfig: Setting CVar [[r.LightMaxDrawDistanceScale:1]]
[2023.06.06-05.43.00:289][  0]LogConfig: Setting CVar [[r.CapsuleShadows:1]]
[2023.06.06-05.43.00:289][  0]LogConfig: Applying CVar settings from Section [PostProcessQuality@3] File [C:/Users/USER/Desktop/DataShare/syuri_data/Saved/Config/Windows/Scalability.ini]
[2023.06.06-05.43.00:289][  0]LogConfig: Setting CVar [[r.MotionBlurQuality:4]]
[2023.06.06-05.43.00:289][  0]LogConfig: Setting CVar [[r.AmbientOcclusionMipLevelFactor:0.4]]
[2023.06.06-05.43.00:289][  0]LogConfig: Setting CVar [[r.AmbientOcclusionMaxQuality:100]]
[2023.06.06-05.43.00:290][  0]LogConfig: Setting CVar [[r.AmbientOcclusionLevels:-1]]
[2023.06.06-05.43.00:290][  0]LogConfig: Setting CVar [[r.AmbientOcclusionRadiusScale:1.0]]
[2023.06.06-05.43.00:290][  0]LogConfig: Setting CVar [[r.DepthOfFieldQuality:2]]
[2023.06.06-05.43.00:290][  0]LogConfig: Setting CVar [[r.RenderTargetPoolMin:400]]
[2023.06.06-05.43.00:290][  0]LogConfig: Setting CVar [[r.LensFlareQuality:2]]
[2023.06.06-05.43.00:290][  0]LogConfig: Setting CVar [[r.SceneColorFringeQuality:1]]
[2023.06.06-05.43.00:290][  0]LogConfig: Setting CVar [[r.EyeAdaptationQuality:2]]
[2023.06.06-05.43.00:290][  0]LogConfig: Setting CVar [[r.BloomQuality:5]]
[2023.06.06-05.43.00:290][  0]LogConfig: Setting CVar [[r.FastBlurThreshold:100]]
[2023.06.06-05.43.00:290][  0]LogConfig: Setting CVar [[r.Upscale.Quality:3]]
[2023.06.06-05.43.00:290][  0]LogConfig: Setting CVar [[r.Tonemapper.GrainQuantization:1]]
[2023.06.06-05.43.00:290][  0]LogConfig: Setting CVar [[r.LightShaftQuality:1]]
[2023.06.06-05.43.00:290][  0]LogConfig: Setting CVar [[r.Filter.SizeScale:1]]
[2023.06.06-05.43.00:290][  0]LogConfig: Setting CVar [[r.Tonemapper.Quality:5]]
[2023.06.06-05.43.00:290][  0]LogConfig: Setting CVar [[r.DOF.Gather.AccumulatorQuality:1        ; higher gathering accumulator quality]]
[2023.06.06-05.43.00:290][  0]LogConfig: Setting CVar [[r.DOF.Gather.PostfilterMethod:1          ; Median3x3 postfilering method]]
[2023.06.06-05.43.00:290][  0]LogConfig: Setting CVar [[r.DOF.Gather.EnableBokehSettings:0       ; no bokeh simulation when gathering]]
[2023.06.06-05.43.00:290][  0]LogConfig: Setting CVar [[r.DOF.Gather.RingCount:4                 ; medium number of samples when gathering]]
[2023.06.06-05.43.00:290][  0]LogConfig: Setting CVar [[r.DOF.Scatter.ForegroundCompositing:1    ; additive foreground scattering]]
[2023.06.06-05.43.00:290][  0]LogConfig: Setting CVar [[r.DOF.Scatter.BackgroundCompositing:2    ; additive background scattering]]
[2023.06.06-05.43.00:290][  0]LogConfig: Setting CVar [[r.DOF.Scatter.EnableBokehSettings:1      ; bokeh simulation when scattering]]
[2023.06.06-05.43.00:290][  0]LogConfig: Setting CVar [[r.DOF.Scatter.MaxSpriteRatio:0.1         ; only a maximum of 10% of scattered bokeh]]
[2023.06.06-05.43.00:290][  0]LogConfig: Setting CVar [[r.DOF.Recombine.Quality:1                ; cheap slight out of focus]]
[2023.06.06-05.43.00:290][  0]LogConfig: Setting CVar [[r.DOF.Recombine.EnableBokehSettings:0    ; no bokeh simulation on slight out of focus]]
[2023.06.06-05.43.00:290][  0]LogConfig: Setting CVar [[r.DOF.TemporalAAQuality:1                ; more stable temporal accumulation]]
[2023.06.06-05.43.00:290][  0]LogConfig: Setting CVar [[r.DOF.Kernel.MaxForegroundRadius:0.025]]
[2023.06.06-05.43.00:290][  0]LogConfig: Setting CVar [[r.DOF.Kernel.MaxBackgroundRadius:0.025]]
[2023.06.06-05.43.00:290][  0]LogConfig: Applying CVar settings from Section [TextureQuality@3] File [C:/Users/USER/Desktop/DataShare/syuri_data/Saved/Config/Windows/Scalability.ini]
[2023.06.06-05.43.00:290][  0]LogConfig: Setting CVar [[r.Streaming.MipBias:0]]
[2023.06.06-05.43.00:290][  0]LogConfig: Setting CVar [[r.Streaming.AmortizeCPUToGPUCopy:0]]
[2023.06.06-05.43.00:290][  0]LogConfig: Setting CVar [[r.Streaming.MaxNumTexturesToStreamPerFrame:0]]
[2023.06.06-05.43.00:290][  0]LogConfig: Setting CVar [[r.Streaming.Boost:1]]
[2023.06.06-05.43.00:290][  0]LogConfig: Setting CVar [[r.MaxAnisotropy:8]]
[2023.06.06-05.43.00:290][  0]LogConfig: Setting CVar [[r.VT.MaxAnisotropy:8]]
[2023.06.06-05.43.00:290][  0]LogConfig: Setting CVar [[r.Streaming.LimitPoolSizeToVRAM:0]]
[2023.06.06-05.43.00:290][  0]LogConfig: Setting CVar [[r.Streaming.PoolSize:1000]]
[2023.06.06-05.43.00:290][  0]LogConfig: Setting CVar [[r.Streaming.MaxEffectiveScreenSize:0]]
[2023.06.06-05.43.00:290][  0]LogConfig: Applying CVar settings from Section [EffectsQuality@3] File [C:/Users/USER/Desktop/DataShare/syuri_data/Saved/Config/Windows/Scalability.ini]
[2023.06.06-05.43.00:290][  0]LogConfig: Setting CVar [[r.TranslucencyLightingVolumeDim:64]]
[2023.06.06-05.43.00:290][  0]LogConfig: Setting CVar [[r.RefractionQuality:2]]
[2023.06.06-05.43.00:290][  0]LogConfig: Setting CVar [[r.SSR.Quality:3]]
[2023.06.06-05.43.00:290][  0]LogConfig: Setting CVar [[r.SSR.HalfResSceneColor:0]]
[2023.06.06-05.43.00:290][  0]LogConfig: Setting CVar [[r.SceneColorFormat:4]]
[2023.06.06-05.43.00:290][  0]LogConfig: Setting CVar [[r.DetailMode:2]]
[2023.06.06-05.43.00:290][  0]LogConfig: Setting CVar [[r.TranslucencyVolumeBlur:1]]
[2023.06.06-05.43.00:290][  0]LogConfig: Setting CVar [[r.MaterialQualityLevel:1 ; High quality]]
[2023.06.06-05.43.00:290][  0]LogConfig: Setting CVar [[r.AnisotropicMaterials:1]]
[2023.06.06-05.43.00:290][  0]LogConfig: Setting CVar [[r.SSS.Scale:1]]
[2023.06.06-05.43.00:290][  0]LogConfig: Setting CVar [[r.SSS.SampleSet:2]]
[2023.06.06-05.43.00:290][  0]LogConfig: Setting CVar [[r.SSS.Quality:1]]
[2023.06.06-05.43.00:290][  0]LogConfig: Setting CVar [[r.SSS.HalfRes:0]]
[2023.06.06-05.43.00:290][  0]LogConfig: Setting CVar [[r.SSGI.Quality:3]]
[2023.06.06-05.43.00:290][  0]LogConfig: Setting CVar [[r.EmitterSpawnRateScale:1.0]]
[2023.06.06-05.43.00:290][  0]LogConfig: Setting CVar [[r.ParticleLightQuality:2]]
[2023.06.06-05.43.00:290][  0]LogConfig: Setting CVar [[r.SkyAtmosphere.AerialPerspectiveLUT.FastApplyOnOpaque:1 ; Always have FastSkyLUT 1 in this case to avoid wrong sky]]
[2023.06.06-05.43.00:290][  0]LogConfig: Setting CVar [[r.SkyAtmosphere.AerialPerspectiveLUT.SampleCountMaxPerSlice:4]]
[2023.06.06-05.43.00:290][  0]LogConfig: Setting CVar [[r.SkyAtmosphere.AerialPerspectiveLUT.DepthResolution:16.0]]
[2023.06.06-05.43.00:290][  0]LogConfig: Setting CVar [[r.SkyAtmosphere.FastSkyLUT:1]]
[2023.06.06-05.43.00:290][  0]LogConfig: Setting CVar [[r.SkyAtmosphere.FastSkyLUT.SampleCountMin:4.0]]
[2023.06.06-05.43.00:290][  0]LogConfig: Setting CVar [[r.SkyAtmosphere.FastSkyLUT.SampleCountMax:128.0]]
[2023.06.06-05.43.00:290][  0]LogConfig: Setting CVar [[r.SkyAtmosphere.SampleCountMin:4.0]]
[2023.06.06-05.43.00:290][  0]LogConfig: Setting CVar [[r.SkyAtmosphere.SampleCountMax:128.0]]
[2023.06.06-05.43.00:290][  0]LogConfig: Setting CVar [[r.SkyAtmosphere.TransmittanceLUT.UseSmallFormat:0]]
[2023.06.06-05.43.00:290][  0]LogConfig: Setting CVar [[r.SkyAtmosphere.TransmittanceLUT.SampleCount:10.0]]
[2023.06.06-05.43.00:290][  0]LogConfig: Setting CVar [[r.SkyAtmosphere.MultiScatteringLUT.SampleCount:15.0]]
[2023.06.06-05.43.00:290][  0]LogConfig: Setting CVar [[r.SkyLight.RealTimeReflectionCapture:1]]
[2023.06.06-05.43.00:290][  0]LogConfig: Applying CVar settings from Section [FoliageQuality@3] File [C:/Users/USER/Desktop/DataShare/syuri_data/Saved/Config/Windows/Scalability.ini]
[2023.06.06-05.43.00:290][  0]LogConfig: Setting CVar [[foliage.DensityScale:1.0]]
[2023.06.06-05.43.00:290][  0]LogConfig: Setting CVar [[grass.DensityScale:1.0]]
[2023.06.06-05.43.00:290][  0]LogConfig: Applying CVar settings from Section [ShadingQuality@3] File [C:/Users/USER/Desktop/DataShare/syuri_data/Saved/Config/Windows/Scalability.ini]
[2023.06.06-05.43.00:290][  0]LogConfig: Setting CVar [[r.HairStrands.SkyLighting.IntegrationType:2]]
[2023.06.06-05.43.00:290][  0]LogConfig: Setting CVar [[r.HairStrands.SkyAO.SampleCount:4]]
[2023.06.06-05.43.00:290][  0]LogConfig: Setting CVar [[r.HairStrands.Visibility.MSAA.SamplePerPixel:4]]
[2023.06.06-05.43.00:290][  0]LogInit: Selected Device Profile: [Windows]
[2023.06.06-05.43.00:290][  0]LogInit: Applying CVar settings loaded from the selected device profile: [Windows]
[2023.06.06-05.43.00:290][  0]LogHAL: Display: Platform has ~ 64 GB [68553322496 / 68719476736 / 64], which maps to Largest [LargestMinGB=32, LargerMinGB=12, DefaultMinGB=8, SmallerMinGB=6, SmallestMinGB=0)
[2023.06.06-05.43.00:290][  0]LogInit: Going up to parent DeviceProfile []
[2023.06.06-05.43.00:290][  0]LogConfig: Applying CVar settings from Section [ViewDistanceQuality@3] File [C:/Users/USER/Desktop/DataShare/syuri_data/Saved/Config/Windows/Scalability.ini]
[2023.06.06-05.43.00:290][  0]LogConfig: Setting CVar [[r.SkeletalMeshLODBias:0]]
[2023.06.06-05.43.00:290][  0]LogConfig: Setting CVar [[r.ViewDistanceScale:1.0]]
[2023.06.06-05.43.00:290][  0]LogConfig: Applying CVar settings from Section [AntiAliasingQuality@3] File [C:/Users/USER/Desktop/DataShare/syuri_data/Saved/Config/Windows/Scalability.ini]
[2023.06.06-05.43.00:290][  0]LogConfig: Setting CVar [[r.PostProcessAAQuality:4]]
[2023.06.06-05.43.00:291][  0]LogConfig: Applying CVar settings from Section [ShadowQuality@3] File [C:/Users/USER/Desktop/DataShare/syuri_data/Saved/Config/Windows/Scalability.ini]
[2023.06.06-05.43.00:291][  0]LogConfig: Setting CVar [[r.LightFunctionQuality:1]]
[2023.06.06-05.43.00:291][  0]LogConfig: Setting CVar [[r.ShadowQuality:5]]
[2023.06.06-05.43.00:291][  0]LogConfig: Setting CVar [[r.Shadow.CSM.MaxCascades:10]]
[2023.06.06-05.43.00:291][  0]LogConfig: Setting CVar [[r.Shadow.MaxResolution:2048]]
[2023.06.06-05.43.00:291][  0]LogConfig: Setting CVar [[r.Shadow.MaxCSMResolution:2048]]
[2023.06.06-05.43.00:291][  0]LogConfig: Setting CVar [[r.Shadow.RadiusThreshold:0.01]]
[2023.06.06-05.43.00:291][  0]LogConfig: Setting CVar [[r.Shadow.DistanceScale:1.0]]
[2023.06.06-05.43.00:291][  0]LogConfig: Setting CVar [[r.Shadow.CSM.TransitionScale:1.0]]
[2023.06.06-05.43.00:291][  0]LogConfig: Setting CVar [[r.Shadow.PreShadowResolutionFactor:1.0]]
[2023.06.06-05.43.00:291][  0]LogConfig: Setting CVar [[r.DistanceFieldShadowing:1]]
[2023.06.06-05.43.00:291][  0]LogConfig: Setting CVar [[r.DistanceFieldAO:1]]
[2023.06.06-05.43.00:291][  0]LogConfig: Setting CVar [[r.AOQuality:2]]
[2023.06.06-05.43.00:291][  0]LogConfig: Setting CVar [[r.VolumetricFog:1]]
[2023.06.06-05.43.00:291][  0]LogConfig: Setting CVar [[r.VolumetricFog.GridPixelSize:8]]
[2023.06.06-05.43.00:291][  0]LogConfig: Setting CVar [[r.VolumetricFog.GridSizeZ:128]]
[2023.06.06-05.43.00:291][  0]LogConfig: Setting CVar [[r.VolumetricFog.HistoryMissSupersampleCount:4]]
[2023.06.06-05.43.00:291][  0]LogConfig: Setting CVar [[r.LightMaxDrawDistanceScale:1]]
[2023.06.06-05.43.00:291][  0]LogConfig: Setting CVar [[r.CapsuleShadows:1]]
[2023.06.06-05.43.00:291][  0]LogConfig: Applying CVar settings from Section [PostProcessQuality@3] File [C:/Users/USER/Desktop/DataShare/syuri_data/Saved/Config/Windows/Scalability.ini]
[2023.06.06-05.43.00:291][  0]LogConfig: Setting CVar [[r.MotionBlurQuality:4]]
[2023.06.06-05.43.00:291][  0]LogConfig: Setting CVar [[r.AmbientOcclusionMipLevelFactor:0.4]]
[2023.06.06-05.43.00:291][  0]LogConfig: Setting CVar [[r.AmbientOcclusionMaxQuality:100]]
[2023.06.06-05.43.00:291][  0]LogConfig: Setting CVar [[r.AmbientOcclusionLevels:-1]]
[2023.06.06-05.43.00:291][  0]LogConfig: Setting CVar [[r.AmbientOcclusionRadiusScale:1.0]]
[2023.06.06-05.43.00:291][  0]LogConfig: Setting CVar [[r.DepthOfFieldQuality:2]]
[2023.06.06-05.43.00:291][  0]LogConfig: Setting CVar [[r.RenderTargetPoolMin:400]]
[2023.06.06-05.43.00:291][  0]LogConfig: Setting CVar [[r.LensFlareQuality:2]]
[2023.06.06-05.43.00:291][  0]LogConfig: Setting CVar [[r.SceneColorFringeQuality:1]]
[2023.06.06-05.43.00:291][  0]LogConfig: Setting CVar [[r.EyeAdaptationQuality:2]]
[2023.06.06-05.43.00:291][  0]LogConfig: Setting CVar [[r.BloomQuality:5]]
[2023.06.06-05.43.00:291][  0]LogConfig: Setting CVar [[r.FastBlurThreshold:100]]
[2023.06.06-05.43.00:291][  0]LogConfig: Setting CVar [[r.Upscale.Quality:3]]
[2023.06.06-05.43.00:291][  0]LogConfig: Setting CVar [[r.Tonemapper.GrainQuantization:1]]
[2023.06.06-05.43.00:291][  0]LogConfig: Setting CVar [[r.LightShaftQuality:1]]
[2023.06.06-05.43.00:291][  0]LogConfig: Setting CVar [[r.Filter.SizeScale:1]]
[2023.06.06-05.43.00:291][  0]LogConfig: Setting CVar [[r.Tonemapper.Quality:5]]
[2023.06.06-05.43.00:291][  0]LogConfig: Setting CVar [[r.DOF.Gather.AccumulatorQuality:1        ; higher gathering accumulator quality]]
[2023.06.06-05.43.00:291][  0]LogConfig: Setting CVar [[r.DOF.Gather.PostfilterMethod:1          ; Median3x3 postfilering method]]
[2023.06.06-05.43.00:291][  0]LogConfig: Setting CVar [[r.DOF.Gather.EnableBokehSettings:0       ; no bokeh simulation when gathering]]
[2023.06.06-05.43.00:291][  0]LogConfig: Setting CVar [[r.DOF.Gather.RingCount:4                 ; medium number of samples when gathering]]
[2023.06.06-05.43.00:291][  0]LogConfig: Setting CVar [[r.DOF.Scatter.ForegroundCompositing:1    ; additive foreground scattering]]
[2023.06.06-05.43.00:291][  0]LogConfig: Setting CVar [[r.DOF.Scatter.BackgroundCompositing:2    ; additive background scattering]]
[2023.06.06-05.43.00:291][  0]LogConfig: Setting CVar [[r.DOF.Scatter.EnableBokehSettings:1      ; bokeh simulation when scattering]]
[2023.06.06-05.43.00:291][  0]LogConfig: Setting CVar [[r.DOF.Scatter.MaxSpriteRatio:0.1         ; only a maximum of 10% of scattered bokeh]]
[2023.06.06-05.43.00:291][  0]LogConfig: Setting CVar [[r.DOF.Recombine.Quality:1                ; cheap slight out of focus]]
[2023.06.06-05.43.00:291][  0]LogConfig: Setting CVar [[r.DOF.Recombine.EnableBokehSettings:0    ; no bokeh simulation on slight out of focus]]
[2023.06.06-05.43.00:291][  0]LogConfig: Setting CVar [[r.DOF.TemporalAAQuality:1                ; more stable temporal accumulation]]
[2023.06.06-05.43.00:291][  0]LogConfig: Setting CVar [[r.DOF.Kernel.MaxForegroundRadius:0.025]]
[2023.06.06-05.43.00:291][  0]LogConfig: Setting CVar [[r.DOF.Kernel.MaxBackgroundRadius:0.025]]
[2023.06.06-05.43.00:291][  0]LogConfig: Applying CVar settings from Section [TextureQuality@3] File [C:/Users/USER/Desktop/DataShare/syuri_data/Saved/Config/Windows/Scalability.ini]
[2023.06.06-05.43.00:291][  0]LogConfig: Setting CVar [[r.Streaming.MipBias:0]]
[2023.06.06-05.43.00:291][  0]LogConfig: Setting CVar [[r.Streaming.AmortizeCPUToGPUCopy:0]]
[2023.06.06-05.43.00:291][  0]LogConfig: Setting CVar [[r.Streaming.MaxNumTexturesToStreamPerFrame:0]]
[2023.06.06-05.43.00:291][  0]LogConfig: Setting CVar [[r.Streaming.Boost:1]]
[2023.06.06-05.43.00:291][  0]LogConfig: Setting CVar [[r.MaxAnisotropy:8]]
[2023.06.06-05.43.00:291][  0]LogConfig: Setting CVar [[r.VT.MaxAnisotropy:8]]
[2023.06.06-05.43.00:291][  0]LogConfig: Setting CVar [[r.Streaming.LimitPoolSizeToVRAM:0]]
[2023.06.06-05.43.00:291][  0]LogConfig: Setting CVar [[r.Streaming.PoolSize:1000]]
[2023.06.06-05.43.00:291][  0]LogConfig: Setting CVar [[r.Streaming.MaxEffectiveScreenSize:0]]
[2023.06.06-05.43.00:291][  0]LogConfig: Applying CVar settings from Section [EffectsQuality@3] File [C:/Users/USER/Desktop/DataShare/syuri_data/Saved/Config/Windows/Scalability.ini]
[2023.06.06-05.43.00:291][  0]LogConfig: Setting CVar [[r.TranslucencyLightingVolumeDim:64]]
[2023.06.06-05.43.00:291][  0]LogConfig: Setting CVar [[r.RefractionQuality:2]]
[2023.06.06-05.43.00:291][  0]LogConfig: Setting CVar [[r.SSR.Quality:3]]
[2023.06.06-05.43.00:291][  0]LogConfig: Setting CVar [[r.SSR.HalfResSceneColor:0]]
[2023.06.06-05.43.00:291][  0]LogConfig: Setting CVar [[r.SceneColorFormat:4]]
[2023.06.06-05.43.00:291][  0]LogConfig: Setting CVar [[r.DetailMode:2]]
[2023.06.06-05.43.00:291][  0]LogConfig: Setting CVar [[r.TranslucencyVolumeBlur:1]]
[2023.06.06-05.43.00:291][  0]LogConfig: Setting CVar [[r.MaterialQualityLevel:1 ; High quality]]
[2023.06.06-05.43.00:291][  0]LogConfig: Setting CVar [[r.AnisotropicMaterials:1]]
[2023.06.06-05.43.00:291][  0]LogConfig: Setting CVar [[r.SSS.Scale:1]]
[2023.06.06-05.43.00:291][  0]LogConfig: Setting CVar [[r.SSS.SampleSet:2]]
[2023.06.06-05.43.00:291][  0]LogConfig: Setting CVar [[r.SSS.Quality:1]]
[2023.06.06-05.43.00:291][  0]LogConfig: Setting CVar [[r.SSS.HalfRes:0]]
[2023.06.06-05.43.00:291][  0]LogConfig: Setting CVar [[r.SSGI.Quality:3]]
[2023.06.06-05.43.00:291][  0]LogConfig: Setting CVar [[r.EmitterSpawnRateScale:1.0]]
[2023.06.06-05.43.00:291][  0]LogConfig: Setting CVar [[r.ParticleLightQuality:2]]
[2023.06.06-05.43.00:291][  0]LogConfig: Setting CVar [[r.SkyAtmosphere.AerialPerspectiveLUT.FastApplyOnOpaque:1 ; Always have FastSkyLUT 1 in this case to avoid wrong sky]]
[2023.06.06-05.43.00:291][  0]LogConfig: Setting CVar [[r.SkyAtmosphere.AerialPerspectiveLUT.SampleCountMaxPerSlice:4]]
[2023.06.06-05.43.00:291][  0]LogConfig: Setting CVar [[r.SkyAtmosphere.AerialPerspectiveLUT.DepthResolution:16.0]]
[2023.06.06-05.43.00:291][  0]LogConfig: Setting CVar [[r.SkyAtmosphere.FastSkyLUT:1]]
[2023.06.06-05.43.00:291][  0]LogConfig: Setting CVar [[r.SkyAtmosphere.FastSkyLUT.SampleCountMin:4.0]]
[2023.06.06-05.43.00:291][  0]LogConfig: Setting CVar [[r.SkyAtmosphere.FastSkyLUT.SampleCountMax:128.0]]
[2023.06.06-05.43.00:291][  0]LogConfig: Setting CVar [[r.SkyAtmosphere.SampleCountMin:4.0]]
[2023.06.06-05.43.00:291][  0]LogConfig: Setting CVar [[r.SkyAtmosphere.SampleCountMax:128.0]]
[2023.06.06-05.43.00:291][  0]LogConfig: Setting CVar [[r.SkyAtmosphere.TransmittanceLUT.UseSmallFormat:0]]
[2023.06.06-05.43.00:291][  0]LogConfig: Setting CVar [[r.SkyAtmosphere.TransmittanceLUT.SampleCount:10.0]]
[2023.06.06-05.43.00:291][  0]LogConfig: Setting CVar [[r.SkyAtmosphere.MultiScatteringLUT.SampleCount:15.0]]
[2023.06.06-05.43.00:291][  0]LogConfig: Setting CVar [[r.SkyLight.RealTimeReflectionCapture:1]]
[2023.06.06-05.43.00:291][  0]LogConfig: Applying CVar settings from Section [FoliageQuality@3] File [C:/Users/USER/Desktop/DataShare/syuri_data/Saved/Config/Windows/Scalability.ini]
[2023.06.06-05.43.00:291][  0]LogConfig: Setting CVar [[foliage.DensityScale:1.0]]
[2023.06.06-05.43.00:292][  0]LogConfig: Setting CVar [[grass.DensityScale:1.0]]
[2023.06.06-05.43.00:292][  0]LogConfig: Applying CVar settings from Section [ShadingQuality@3] File [C:/Users/USER/Desktop/DataShare/syuri_data/Saved/Config/Windows/Scalability.ini]
[2023.06.06-05.43.00:292][  0]LogConfig: Setting CVar [[r.HairStrands.SkyLighting.IntegrationType:2]]
[2023.06.06-05.43.00:292][  0]LogConfig: Setting CVar [[r.HairStrands.SkyAO.SampleCount:4]]
[2023.06.06-05.43.00:292][  0]LogConfig: Setting CVar [[r.HairStrands.Visibility.MSAA.SamplePerPixel:4]]
[2023.06.06-05.43.00:292][  0]LogConfig: Applying CVar settings from Section [Startup] File [../../../Engine/Config/ConsoleVariables.ini]
[2023.06.06-05.43.00:292][  0]LogConfig: Setting CVar [[net.UseAdaptiveNetUpdateFrequency:0]]
[2023.06.06-05.43.00:292][  0]LogConfig: Setting CVar [[p.chaos.AllowCreatePhysxBodies:1]]
[2023.06.06-05.43.00:292][  0]LogConfig: Setting CVar [[fx.SkipVectorVMBackendOptimizations:1]]
[2023.06.06-05.43.00:292][  0]LogConfig: Applying CVar settings from Section [ConsoleVariables] File [C:/Users/USER/Desktop/DataShare/syuri_data/Saved/Config/Windows/Engine.ini]
[2023.06.06-05.43.00:292][  0]LogConfig: Applying CVar settings from Section [ConsoleVariables] File [C:/Users/USER/Desktop/DataShare/syuri_data/Saved/Config/Windows/Editor.ini]
[2023.06.06-05.43.00:292][  0]LogInit: Computer: MSI
[2023.06.06-05.43.00:292][  0]LogInit: User: USER
[2023.06.06-05.43.00:292][  0]LogInit: CPU Page size=4096, Cores=6
[2023.06.06-05.43.00:292][  0]LogInit: High frequency timer resolution =10.000000 MHz
[2023.06.06-05.43.00:292][  0]LogMemory: Memory total: Physical=63.8GB (64GB approx)
[2023.06.06-05.43.00:292][  0]LogMemory: Platform Memory Stats for Windows
[2023.06.06-05.43.00:292][  0]LogMemory: Process Physical Memory: 146.66 MB used, 146.66 MB peak
[2023.06.06-05.43.00:292][  0]LogMemory: Process Virtual Memory: 132.13 MB used, 132.13 MB peak
[2023.06.06-05.43.00:292][  0]LogMemory: Physical Memory: 12737.50 MB used,  52640.04 MB free, 65377.54 MB total
[2023.06.06-05.43.00:292][  0]LogMemory: Virtual Memory: 134164912.00 MB used,  52815.95 MB free, 134217728.00 MB total
[2023.06.06-05.43.00:335][  0]LogWindows: WindowsPlatformFeatures enabled
[2023.06.06-05.43.00:369][  0]LogInit: Physics initialised using underlying interface: PhysX
[2023.06.06-05.43.00:370][  0]LogInit: Using OS detected language (ja-JP).
[2023.06.06-05.43.00:370][  0]LogInit: Using OS detected locale (ja-JP).
[2023.06.06-05.43.00:375][  0]LogTextLocalizationManager: No specific localization for 'ja-JP' exists, so the 'ja' localization will be used.
[2023.06.06-05.43.00:495][  0]LogInit: Setting process to per monitor DPI aware
[2023.06.06-05.43.00:510][  0]LogWindowsTextInputMethodSystem: Display: IME system deactivated.
[2023.06.06-05.43.00:524][  0]LogSlate: New Slate User Created.  User Index 0, Is Virtual User: 0
[2023.06.06-05.43.00:524][  0]LogSlate: Slate User Registered.  User Index 0, Is Virtual User: 0
[2023.06.06-05.43.00:685][  0]LogD3D11RHI: Loaded GFSDK_Aftermath_Lib.x64.dll
[2023.06.06-05.43.00:778][  0]LogHMD: Failed to initialize OpenVR with code 110
[2023.06.06-05.43.00:778][  0]LogD3D11RHI: D3D11 min allowed feature level: 11_0
[2023.06.06-05.43.00:778][  0]LogD3D11RHI: D3D11 max allowed feature level: 11_0
[2023.06.06-05.43.00:778][  0]LogD3D11RHI: D3D11 adapters:
[2023.06.06-05.43.00:857][  0]LogD3D11RHI:    0. 'NVIDIA GeForce RTX 2070 with Max-Q Design' (Feature Level 11_0)
[2023.06.06-05.43.00:857][  0]LogD3D11RHI:       8031/0/32688 MB DedicatedVideo/DedicatedSystem/SharedSystem, Outputs:1, VendorId:0x10de
[2023.06.06-05.43.00:886][  0]LogD3D11RHI:    1. 'Intel(R) UHD Graphics 630' (Feature Level 11_0)
[2023.06.06-05.43.00:886][  0]LogD3D11RHI:       128/0/32688 MB DedicatedVideo/DedicatedSystem/SharedSystem, Outputs:0, VendorId:0x8086
[2023.06.06-05.43.00:888][  0]LogD3D11RHI:    2. 'Microsoft Basic Render Driver' (Feature Level 11_0)
[2023.06.06-05.43.00:888][  0]LogD3D11RHI:       0/0/32688 MB DedicatedVideo/DedicatedSystem/SharedSystem, Outputs:0, VendorId:0x1414
[2023.06.06-05.43.00:888][  0]LogD3D11RHI: Chosen D3D11 Adapter:
[2023.06.06-05.43.00:888][  0]LogD3D11RHI:     Description : NVIDIA GeForce RTX 2070 with Max-Q Design
[2023.06.06-05.43.00:888][  0]LogD3D11RHI:     VendorId    : 10de
[2023.06.06-05.43.00:888][  0]LogD3D11RHI:     DeviceId    : 1f10
[2023.06.06-05.43.00:888][  0]LogD3D11RHI:     SubSysId    : 12741462
[2023.06.06-05.43.00:888][  0]LogD3D11RHI:     Revision    : 00a1
[2023.06.06-05.43.00:888][  0]LogD3D11RHI:     DedicatedVideoMemory : 8421113856 bytes
[2023.06.06-05.43.00:888][  0]LogD3D11RHI:     DedicatedSystemMemory : 0 bytes
[2023.06.06-05.43.00:888][  0]LogD3D11RHI:     SharedSystemMemory : 34276661248 bytes
[2023.06.06-05.43.00:888][  0]LogD3D11RHI:     AdapterLuid : 0 64215
[2023.06.06-05.43.00:894][  0]LogD3D11RHI: Creating new Direct3DDevice
[2023.06.06-05.43.00:894][  0]LogD3D11RHI:     GPU DeviceId: 0x1f10 (for the marketing name, search the web for "GPU Device Id")
[2023.06.06-05.43.00:894][  0]LogWindows: EnumDisplayDevices:
[2023.06.06-05.43.00:894][  0]LogWindows:    0. 'Intel(R) UHD Graphics 630' (P:1 D:1)
[2023.06.06-05.43.00:894][  0]LogWindows:    1. 'Intel(R) UHD Graphics 630' (P:0 D:0)
[2023.06.06-05.43.00:894][  0]LogWindows:    2. 'Intel(R) UHD Graphics 630' (P:0 D:0)
[2023.06.06-05.43.00:894][  0]LogWindows:    3. 'NVIDIA GeForce RTX 2070 with Max-Q Design' (P:0 D:0)
[2023.06.06-05.43.00:895][  0]LogWindows:    4. 'NVIDIA GeForce RTX 2070 with Max-Q Design' (P:0 D:0)
[2023.06.06-05.43.00:895][  0]LogWindows:    5. 'NVIDIA GeForce RTX 2070 with Max-Q Design' (P:0 D:0)
[2023.06.06-05.43.00:895][  0]LogWindows:    6. 'NVIDIA GeForce RTX 2070 with Max-Q Design' (P:0 D:0)
[2023.06.06-05.43.00:895][  0]LogWindows: DebugString: PrimaryIsNotTheChoosenAdapter PrimaryIsNotTheChoosenAdapter PrimaryIsNotTheChoosenAdapter FoundDriverCount:4 
[2023.06.06-05.43.00:895][  0]LogD3D11RHI:     Adapter Name: NVIDIA GeForce RTX 2070 with Max-Q Design
[2023.06.06-05.43.00:895][  0]LogD3D11RHI:   Driver Version: 417.77 (internal:25.21.14.1777, unified:417.77)
[2023.06.06-05.43.00:895][  0]LogD3D11RHI:      Driver Date: 1-17-2019
[2023.06.06-05.43.00:895][  0]LogRHI: Texture pool is 5621 MB (70% of 8031 MB)
[2023.06.06-05.43.00:895][  0]LogD3D11RHI: Creating D3DDevice using adapter:
[2023.06.06-05.43.00:895][  0]LogD3D11RHI:     Description : NVIDIA GeForce RTX 2070 with Max-Q Design
[2023.06.06-05.43.00:895][  0]LogD3D11RHI:     VendorId    : 10de
[2023.06.06-05.43.00:895][  0]LogD3D11RHI:     DeviceId    : 1f10
[2023.06.06-05.43.00:895][  0]LogD3D11RHI:     SubSysId    : 12741462
[2023.06.06-05.43.00:895][  0]LogD3D11RHI:     Revision    : 00a1
[2023.06.06-05.43.00:895][  0]LogD3D11RHI:     DedicatedVideoMemory : 8421113856 bytes
[2023.06.06-05.43.00:895][  0]LogD3D11RHI:     DedicatedSystemMemory : 0 bytes
[2023.06.06-05.43.00:895][  0]LogD3D11RHI:     SharedSystemMemory : 34276661248 bytes
[2023.06.06-05.43.00:895][  0]LogD3D11RHI:     AdapterLuid : 0 64215
[2023.06.06-05.43.00:937][  0]LogD3D11RHI: RHI has support for 64 bit atomics
[2023.06.06-05.43.00:937][  0]LogD3D11RHI: Async texture creation enabled
[2023.06.06-05.43.00:937][  0]LogD3D11RHI: Array index from any shader is supported
[2023.06.06-05.43.00:967][  0]LogD3D11RHI: GPU Timing Frequency: 1000.000000 (Debug: 2 2)
[2023.06.06-05.43.01:012][  0]LogRHI: GeForceNow SDK initialized: 1
[2023.06.06-05.43.01:351][  0]LogTargetPlatformManager: Display: Loaded TargetPlatform 'AllDesktop'
[2023.06.06-05.43.01:372][  0]LogTargetPlatformManager: Display: Loaded TargetPlatform 'Android'
[2023.06.06-05.43.01:372][  0]LogTargetPlatformManager: Display: Loaded TargetPlatform 'Android_ASTC'
[2023.06.06-05.43.01:372][  0]LogTargetPlatformManager: Display: Loaded TargetPlatform 'Android_DXT'
[2023.06.06-05.43.01:372][  0]LogTargetPlatformManager: Display: Loaded TargetPlatform 'Android_ETC2'
[2023.06.06-05.43.01:372][  0]LogTargetPlatformManager: Display: Loaded TargetPlatform 'AndroidClient'
[2023.06.06-05.43.01:372][  0]LogTargetPlatformManager: Display: Loaded TargetPlatform 'Android_ASTCClient'
[2023.06.06-05.43.01:372][  0]LogTargetPlatformManager: Display: Loaded TargetPlatform 'Android_DXTClient'
[2023.06.06-05.43.01:372][  0]LogTargetPlatformManager: Display: Loaded TargetPlatform 'Android_ETC2Client'
[2023.06.06-05.43.01:372][  0]LogTargetPlatformManager: Display: Loaded TargetPlatform 'Android_Multi'
[2023.06.06-05.43.01:372][  0]LogTargetPlatformManager: Display: Loaded TargetPlatform 'Android_MultiClient'
[2023.06.06-05.43.01:390][  0]LogTargetPlatformManager: Display: Loaded TargetPlatform 'IOSClient'
[2023.06.06-05.43.01:391][  0]LogTargetPlatformManager: Display: Loaded TargetPlatform 'IOS'
[2023.06.06-05.43.01:400][  0]LogTargetPlatformManager: Display: Loaded TargetPlatform 'Linux'
[2023.06.06-05.43.01:407][  0]LogTargetPlatformManager: Display: Loaded TargetPlatform 'LinuxNoEditor'
[2023.06.06-05.43.01:414][  0]LogTargetPlatformManager: Display: Loaded TargetPlatform 'LinuxClient'
[2023.06.06-05.43.01:419][  0]LogTargetPlatformManager: Display: Loaded TargetPlatform 'LinuxServer'
[2023.06.06-05.43.01:430][  0]LogTargetPlatformManager: Display: Loaded TargetPlatform 'LinuxAArch64NoEditor'
[2023.06.06-05.43.01:436][  0]LogTargetPlatformManager: Display: Loaded TargetPlatform 'LinuxAArch64Client'
[2023.06.06-05.43.01:442][  0]LogTargetPlatformManager: Display: Loaded TargetPlatform 'LinuxAArch64Server'
[2023.06.06-05.43.01:469][  0]LogTargetPlatformManager: Display: Loaded TargetPlatform 'Lumin'
[2023.06.06-05.43.01:469][  0]LogTargetPlatformManager: Display: Loaded TargetPlatform 'LuminClient'
[2023.06.06-05.43.01:478][  0]LogTargetPlatformManager: Display: Loaded TargetPlatform 'MacNoEditor'
[2023.06.06-05.43.01:485][  0]LogTargetPlatformManager: Display: Loaded TargetPlatform 'Mac'
[2023.06.06-05.43.01:490][  0]LogTargetPlatformManager: Display: Loaded TargetPlatform 'MacClient'
[2023.06.06-05.43.01:496][  0]LogTargetPlatformManager: Display: Loaded TargetPlatform 'MacServer'
[2023.06.06-05.43.01:507][  0]LogTargetPlatformManager: Display: Loaded TargetPlatform 'TVOSClient'
[2023.06.06-05.43.01:507][  0]LogTargetPlatformManager: Display: Loaded TargetPlatform 'TVOS'
[2023.06.06-05.43.01:518][  0]LogTargetPlatformManager: Display: Loaded TargetPlatform 'WindowsNoEditor'
[2023.06.06-05.43.01:524][  0]LogTargetPlatformManager: Display: Loaded TargetPlatform 'Windows'
[2023.06.06-05.43.01:530][  0]LogTargetPlatformManager: Display: Loaded TargetPlatform 'WindowsClient'
[2023.06.06-05.43.01:535][  0]LogTargetPlatformManager: Display: Loaded TargetPlatform 'WindowsServer'
[2023.06.06-05.43.01:535][  0]LogTargetPlatformManager: Display: Building Assets For Windows
[2023.06.06-05.43.01:544][  0]LogAudioDebug: Display: Lib vorbis DLL was dynamically loaded.
[2023.06.06-05.43.01:587][  0]LogTextureFormatOodle: Display: Oodle Texture 2.9.0 init RDO Off
[2023.06.06-05.43.01:633][  0]LogRendererCore: Ray tracing is disabled. Reason: r.RayTracing=0.
[2023.06.06-05.43.01:633][  0]LogShaderCompilers: Guid format shader working directory is -12 characters bigger than the processId version (../../../../../../Users/USER/Desktop/DataShare/syuri_data/Intermediate/Shaders/WorkingDirectory/9884/).
[2023.06.06-05.43.01:634][  0]LogShaderCompilers: Cleaned the shader compiler working directory 'C:/Users/USER/AppData/Local/Temp/UnrealShaderWorkingDir/4063EDB54BCACDCDEF1308ADFF7D1785/'.
[2023.06.06-05.43.01:634][  0]LogXGEController: Cannot use XGE Controller as Incredibuild is not installed on this machine.
[2023.06.06-05.43.01:634][  0]LogShaderCompilers: Cannot use XGE Shader Compiler as Incredibuild is not installed on this machine.
[2023.06.06-05.43.01:634][  0]LogShaderCompilers: Display: Using Local Shader Compiler.
[2023.06.06-05.43.02:386][  0]LogDerivedDataCache: Display: Max Cache Size: 512 MB
[2023.06.06-05.43.02:460][  0]LogDerivedDataCache: Loaded boot cache 0.07s 94MB C:/Users/USER/AppData/Local/UnrealEngine/4.27/DerivedDataCache/Boot.ddc.
[2023.06.06-05.43.02:460][  0]LogDerivedDataCache: Display: Loaded Boot cache: C:/Users/USER/AppData/Local/UnrealEngine/4.27/DerivedDataCache/Boot.ddc
[2023.06.06-05.43.02:460][  0]LogDerivedDataCache: FDerivedDataBackendGraph:  Pak pak cache file ../../../../../../Users/USER/Desktop/DataShare/syuri_data/DerivedDataCache/DDC.ddp not found, will not use a pak cache.
[2023.06.06-05.43.02:460][  0]LogDerivedDataCache: Unable to find inner node Pak for hierarchical cache Hierarchy.
[2023.06.06-05.43.02:460][  0]LogDerivedDataCache: FDerivedDataBackendGraph:  CompressedPak pak cache file ../../../../../../Users/USER/Desktop/DataShare/syuri_data/DerivedDataCache/Compressed.ddp not found, will not use a pak cache.
[2023.06.06-05.43.02:460][  0]LogDerivedDataCache: Unable to find inner node CompressedPak for hierarchical cache Hierarchy.
[2023.06.06-05.43.02:478][  0]LogDerivedDataCache: Display: Pak cache opened for reading ../../../Engine/DerivedDataCache/Compressed.ddp.
[2023.06.06-05.43.02:478][  0]LogDerivedDataCache: FDerivedDataBackendGraph:  EnterprisePak pak cache file ../../../Enterprise/DerivedDataCache/Compressed.ddp not found, will not use a pak cache.
[2023.06.06-05.43.02:478][  0]LogDerivedDataCache: Unable to find inner node EnterprisePak for hierarchical cache Hierarchy.
[2023.06.06-05.43.02:488][  0]LogDerivedDataCache: Speed tests for C:/Users/USER/AppData/Local/UnrealEngine/Common/DerivedDataCache took 0.01 seconds
[2023.06.06-05.43.02:488][  0]LogDerivedDataCache: Display: Performance to C:/Users/USER/AppData/Local/UnrealEngine/Common/DerivedDataCache: Latency=0.03ms. RandomReadSpeed=787.34MBs, RandomWriteSpeed=112.29MBs. Assigned SpeedClass 'Local'
[2023.06.06-05.43.02:489][  0]LogDerivedDataCache: Using Local data cache path C:/Users/USER/AppData/Local/UnrealEngine/Common/DerivedDataCache: Writable
[2023.06.06-05.43.02:489][  0]LogDerivedDataCache: Shared data cache path not found in *engine.ini, will not use an Shared cache.
[2023.06.06-05.43.02:489][  0]LogDerivedDataCache: Unable to find inner node Shared for hierarchical cache Hierarchy.
[2023.06.06-05.43.02:537][  0]LogSlate: Using FreeType 2.10.0
[2023.06.06-05.43.02:537][  0]LogSlate: SlateFontServices - WITH_FREETYPE: 1, WITH_HARFBUZZ: 1
[2023.06.06-05.43.02:570][  0]LogAssetRegistry: FAssetRegistry took 0.0037 seconds to start up
[2023.06.06-05.43.02:871][  0]LogInit: Selected Device Profile: [Windows]
[2023.06.06-05.43.02:871][  0]LogInit: Active device profile: [000002B750C94900][000002B744856380 49] Windows
[2023.06.06-05.43.02:871][  0]LogInit: Profiles: [000002B750C94900][000002B744856380 49] Windows, [000002B750C63600][000002B74485E500 49] WindowsNoEditor, [000002B750C97500][000002B744862680 49] WindowsServer, [000002B750C60E00][000002B74485A7C0 49] WindowsClient, [000002B750C97800][000002B744866900 49] IOS, [000002B750C62600][000002B74486AA40 49] iPadAir, [000002B750C96000][000002B74486EB80 49] iPadAir2, [000002B750C08A00][000002B74EBD2E40 49] IPadPro, [000002B750C08B00][000002B744876E80 49] iPadAir3, [000002B750C61700][000002B74EBD7000 49] iPadAir4, [000002B750C0B400][000002B74EBDB180 49] iPadMini2, [000002B750C62800][000002B74EBDF300 49] iPadMini3, [000002B750C09700][000002B74EBE3480 49] iPadMini4, [000002B750C95100][000002B74EBE7600 49] iPadMini5, [000002B750C10300][000002B74EBEF8C0 49] iPhone6, [000002B750C10400][000002B74EBEB900 49] iPodTouch6, [000002B750BDFF00][000002B74EBF7BC0 49] iPhone7, [000002B750BDFE00][000002B74EBF3C00 49] iPodTouch7, [000002B750C62300][000002B74EBFA200 49] iPhone5S, [000002B750BDDA00][000002B74EBFE380 49] iPhone6Plus, [000002B750C10200][000002B74EC02500 49] iPhone6S, [000002B750BDC600][000002B74EC06680 49] iPhone6SPlus, [000002B750C12900][000002B74EC0A800 49] iPhone7Plus, [000002B750BDF100][000002B744872940 49] iPhoneSE, [000002B750C12200][000002B74ECA6A80 49] iPhone8, [000002B750BDFB00][000002B74ECB2BC0 49] iPhone8Plus, [000002B750C10800][000002B74ECC6D00 49] iPhoneX, [000002B750BDD600][000002B750CE4E80 49] iPhoneXS, [000002B750C13C00][000002B750CF9000 49] iPhoneXSMax, [000002B750BDC700][000002B750CFD180 49] iPhoneXR, [000002B750C11300][000002B750D11300 49] iPhone11, [000002B750BDE700][000002B750D15480 49] iPhone11Pro, [000002B750C11000][000002B750D19600 49] iPhone11ProMax, [000002B750BDEA00][000002B750D1D780 49] iPhoneSE2, [000002B750C11400][000002B750D21900 49] iPhone12Mini, [000002B750BDE400][000002B750D5DA80 49] iPhone12, [000002B750C10D00][000002B750D65C00 49] iPhone12Pro, [000002B750BDEB00][000002B750D68200 49] iPhone12ProMax, [000002B750C13000][000002B750D6C380 49] iPadPro105, [000002B750BDC200][000002B750D70500 49] iPadPro129, [000002B750C12B00][000002B750E2C680 49] iPadPro97, [000002B750BDE600][000002B750E70800 49] iPadPro2_129, [000002B750C13B00][000002B750F10980 49] iPad5, [000002B750BDE200][000002B750FC0B00 49] iPad6, [000002B750C10F00][000002B750CE0C40 49] iPad7, [000002B750BDDD00][000002B74992AD80 49] iPad8, [000002B750C10900][000002B749936EC0 49] iPadPro11, [000002B750BDCF00][000002B749A77040 49] iPadPro2_11, [000002B750C13200][000002B74993B1C0 49] iPadPro3_129, [000002B750BDFC00][000002B74E9E9340 49] iPadPro4_129, [000002B750C10C00][000002B74E9F14C0 49] AppleTV, [000002B750BDE100][000002B74EA21640 49] AppleTV4K, [000002B750C13100][000002B74EA3F7C0 49] TVOS, [000002B750BDF400][000002B7510AD940 49] Mac, [000002B750C13800][000002B7510B1AC0 49] MacClient, [000002B750BDDE00][000002B7510D40C0 49] MacNoEditor, [000002B750C13F00][000002B7510D8240 49] MacServer, [000002B750BDEE00][000002B7510DC3C0 49] Linux, [000002B750C10B00][000002B74EBC6540 49] LinuxAArch64, [000002B750BDDF00][000002B74EBCA6C0 49] LinuxNoEditor, [000002B750C11B00][000002B74EBCE840 49] LinuxAArch64NoEditor, [000002B750BDF900][000002B750F0A9C0 49] LinuxClient, [000002B750C13500][000002B7493C4B40 49] LinuxAArch64Client, [000002B750BDE300][000002B7493C8CC0 49] LinuxServer, [000002B750C10500][000002B749A72E00 49] LinuxAArch64Server, [000002B750BDCD00][000002B7493CCF40 49] Android, [000002B750C11900][000002B7493D1080 49] Android_Low, [000002B750BDF600][000002B7493D51C0 49] Android_Mid, [000002B750C12D00][000002B750F71340 49] Android_High, [000002B750BDF800][000002B750FA14C0 49] Android_Default, [000002B750C12100][000002B750FA5640 49] Android_Adreno4xx, [000002B750BDC900][000002B750FAD7C0 49] Android_Adreno5xx_Low, [000002B750C0B600][000002B751C95940 49] Android_Adreno5xx, [000002B750C60900][000002B751C99AC0 49] Android_Adreno6xx, [000002B750C09800][000002B751C9C0C0 49] Android_Adreno6xx_Vulkan, [000002B750C63F00][000002B751CA0240 49] Android_Mali_T6xx, [000002B750C09200][000002B751CA43C0 49] Android_Mali_T7xx, [000002B750C63700][000002B749374540 49] Android_Mali_T8xx, [000002B750C09E00][000002B7493786C0 49] Android_Mali_G71, [000002B750C60500][000002B749390840 49] Android_Mali_G72, [000002B750C08600][000002B74939C9C0 49] Android_Mali_G72_Vulkan, [000002B750C61000][000002B7493A6B40 49] Android_Mali_G76, [000002B750C08100][000002B751072CC0 49] Android_Mali_G76_Vulkan, [000002B750C61D00][000002B751076E40 49] Android_Mali_G77, [000002B750C08C00][000002B750F60F80 49] Android_Mali_G77_Vulkan, [000002B750C60A00][000002B75107B0C0 49] Android_Mali_G78, [000002B750C0AC00][000002B7493AB200 49] Android_Mali_G78_Vulkan, [000002B750C63400][000002B74EBC1340 49] Android_Mali_G710, [000002B750C0A400][000002B7493BD4C0 49] Android_Mali_G710_Vulkan, [000002B750C62500][000002B7493C1640 49] Android_Vulkan_SM5, [000002B750C0BB00][000002B7510B57C0 49] Android_PowerVR_G6xxx, [000002B750C63200][000002B7510B9940 49] Android_PowerVR_GT7xxx, [000002B750C0A300][000002B7510BDAC0 49] Android_PowerVR_GE8xxx, [000002B750C62C00][000002B7510CC0C0 49] Android_PowerVR_GM9xxx, [000002B750C0BF00][000002B7510D0240 49] Android_PowerVR_GM9xxx_Vulkan, [000002B750C61400][000002B751CF23C0 49] Android_TegraK1, [000002B750C08400][000002B751CF6540 49] Android_Unknown_Vulkan, [000002B750C62B00][000002B751CFA6C0 49] Lumin, [000002B750C08500][000002B751CFE840 49] Lumin_Desktop, [000002B750C60D00][000002B751D029C0 49] HoloLens, 
[2023.06.06-05.43.02:998][  0]LogMeshReduction: Using QuadricMeshReduction for automatic static mesh reduction
[2023.06.06-05.43.02:998][  0]LogMeshReduction: Using SimplygonMeshReduction for automatic skeletal mesh reduction
[2023.06.06-05.43.02:998][  0]LogMeshReduction: Using ProxyLODMeshReduction for automatic mesh merging
[2023.06.06-05.43.02:998][  0]LogMeshReduction: No distributed automatic mesh merging module available
[2023.06.06-05.43.02:998][  0]LogMeshMerging: No distributed automatic mesh merging module available
[2023.06.06-05.43.03:012][  0]LogNetVersion: syuri_data 1.0.0, NetCL: 17155196, EngineNetVer: 17, GameNetVer: 0 (Checksum: 2486757625)
[2023.06.06-05.43.03:424][  0]LogTexture: Default maximum texture size for cubemaps generated from long-lat sources has been changed from 512 to unlimited. In order to preserve old behaiour for '/Engine/MapTemplates/Sky/DaylightAmbientCubemap.DaylightAmbientCubemap', its maximum texture size has been explicitly set to 512.
[2023.06.06-05.43.03:494][  0]LogHMD: PokeAHoleMaterial loaded successfully
[2023.06.06-05.43.03:501][  0]LogUObjectArray: 17178 objects as part of root set at end of initial load.
[2023.06.06-05.43.03:501][  0]LogUObjectAllocator: 4302048 out of 0 bytes used by permanent object pool.
[2023.06.06-05.43.03:501][  0]LogUObjectArray: CloseDisregardForGC: 0/0 objects in disregard for GC pool
[2023.06.06-05.43.03:817][  0]LogNiagaraDebuggerClient: Niagara Debugger Client Initialized | Session: 2B1AEB4C49B094E1B77D089DBC64ED40 | Instance: CA2E3E4549AEF03A8FA25786BA0A1AD9 (MSI-9884).
[2023.06.06-05.43.03:856][  0]LogPython: Using Python 3.7.7
[2023.06.06-05.43.04:556][  0]LogTcpMessaging: Initializing TcpMessaging bridge
[2023.06.06-05.43.04:561][  0]LogUdpMessaging: Initializing bridge on interface 0.0.0.0:0 to multicast group 230.0.0.1:6666.
[2023.06.06-05.43.04:758][  0]SourceControl: ソースコントロールは無効です
[2023.06.06-05.43.04:759][  0]SourceControl: ソースコントロールは無効です
[2023.06.06-05.43.04:763][  0]SourceControl: ソースコントロールは無効です
[2023.06.06-05.43.04:767][  0]SourceControl: ソースコントロールは無効です
[2023.06.06-05.43.04:780][  0]SourceControl: ソースコントロールは無効です
[2023.06.06-05.43.04:787][  0]LogUProjectInfo: Found projects:
[2023.06.06-05.43.05:042][  0]LogOpenImageDenoise: OIDN starting up
[2023.06.06-05.43.05:098][  0]LogAndroidPermission: UAndroidPermissionCallbackProxy::GetInstance
[2023.06.06-05.43.05:128][  0]LogAudioCaptureCore: Display: No Audio Capture implementations found. Audio input will be silent.
[2023.06.06-05.43.05:128][  0]LogAudioCaptureCore: Display: No Audio Capture implementations found. Audio input will be silent.
[2023.06.06-05.43.05:294][  0]LogCollectionManager: Loaded 0 collections in 0.001804 seconds
[2023.06.06-05.43.05:322][  0]LogFileCache: Scanning file cache for directory 'C:/Users/USER/Desktop/DataShare/syuri_data/Saved/Collections/' took 0.00s
[2023.06.06-05.43.05:322][  0]LogFileCache: Scanning file cache for directory 'C:/Users/USER/Desktop/DataShare/syuri_data/Content/Developers/USER/Collections/' took 0.00s
[2023.06.06-05.43.05:322][  0]LogFileCache: Scanning file cache for directory 'C:/Users/USER/Desktop/DataShare/syuri_data/Content/Collections/' took 0.00s
[2023.06.06-05.43.05:322][  0]LogOcInput: OculusInput pre-init called
[2023.06.06-05.43.05:608][  0]LogClass: Display: EnumProperty FMultiUserClientConfig::ValidationMode is not initialized properly. Module:MultiUserClientLibrary File:Public/MultiUserClientStatics.h
[2023.06.06-05.43.05:608][  0]LogClass: Display: StructProperty FMultiUserClientInfo::AvatarColor is not initialized properly. Module:MultiUserClientLibrary File:Public/MultiUserClientStatics.h
[2023.06.06-05.43.05:608][  0]LogClass: Display: 2 Uninitialized script struct members found including 0 object properties
[2023.06.06-05.43.05:609][  0]LogEngine: Initializing Engine...
[2023.06.06-05.43.05:612][  0]LogHMD: Failed to enumerate extensions. Please check that you have a valid OpenXR runtime installed.
[2023.06.06-05.43.05:612][  0]LogHMD: Failed to initialize OpenVR with code 110
[2023.06.06-05.43.05:612][  0]LogMagicLeap: Warning: VR disabled because ZI is not enabled.  To enable, in the editor, Edit -> Project Settings -> Plugins -> Magic Leap Plugin -> Enable Zero Iteration
[2023.06.06-05.43.05:613][  0]LogStats: UGameplayTagsManager::InitializeManager -  0.000 s
[2023.06.06-05.43.05:744][  0]LogInit: Initializing FReadOnlyCVARCache
[2023.06.06-05.43.05:754][  0]LogAIModule: Creating AISystem for world Untitled
[2023.06.06-05.43.05:785][  0]LogAudio: Display: Initializing Audio Device Manager...
[2023.06.06-05.43.05:789][  0]LogAudio: Display: Loading Default Audio Settings Objects...
[2023.06.06-05.43.05:790][  0]LogAudio: Display: No default SoundConcurrencyObject specified (or failed to load).
[2023.06.06-05.43.05:790][  0]LogAudio: Display: Audio Device Manager Initialized
[2023.06.06-05.43.05:790][  0]LogAudio: Display: Creating Audio Device:                 Id: 1, Scope: Shared, Realtime: True
[2023.06.06-05.43.05:790][  0]LogAudioMixer: Display: Audio Mixer Platform Settings:
[2023.06.06-05.43.05:790][  0]LogAudioMixer: Display: 	Sample Rate:						  48000
[2023.06.06-05.43.05:790][  0]LogAudioMixer: Display: 	Callback Buffer Frame Size Requested: 1024
[2023.06.06-05.43.05:790][  0]LogAudioMixer: Display: 	Callback Buffer Frame Size To Use:	  1024
[2023.06.06-05.43.05:790][  0]LogAudioMixer: Display: 	Number of buffers to queue:			  2
[2023.06.06-05.43.05:790][  0]LogAudioMixer: Display: 	Max Channels (voices):				  32
[2023.06.06-05.43.05:790][  0]LogAudioMixer: Display: 	Number of Async Source Workers:		  0
[2023.06.06-05.43.05:790][  0]LogAudio: Display: AudioDevice MaxSources: 32
[2023.06.06-05.43.05:790][  0]LogAudio: Display: Audio Spatialization Plugin: None (built-in).
[2023.06.06-05.43.05:790][  0]LogAudio: Display: Audio Reverb Plugin: None (built-in).
[2023.06.06-05.43.05:790][  0]LogAudio: Display: Audio Occlusion Plugin: None (built-in).
[2023.06.06-05.43.05:791][  0]LogAudioMixer: Display: Initializing audio mixer.
[2023.06.06-05.43.05:849][  0]LogAudioMixer: Display: 0: FrontLeft
[2023.06.06-05.43.05:849][  0]LogAudioMixer: Display: 1: FrontRight
[2023.06.06-05.43.05:970][  0]LogAudioMixer: Display: Using Audio Device スピーカー (Realtek(R) Audio)
[2023.06.06-05.43.05:972][  0]LogAudioMixer: Display: Initializing Sound Submixes...
[2023.06.06-05.43.05:974][  0]LogAudioMixer: Display: Creating Master Submix 'MasterSubmixDefault'
[2023.06.06-05.43.05:974][  0]LogAudioMixer: Display: Creating Master Submix 'MasterReverbSubmixDefault'
[2023.06.06-05.43.05:975][  0]LogAudioMixer: Display: Creating Master Submix 'MasterEQSubmixDefault'
[2023.06.06-05.43.05:975][  0]LogAudioMixer: FMixerPlatformXAudio2::StartAudioStream() called
[2023.06.06-05.43.05:975][  0]LogAudioMixer: Display: Output buffers initialized: Frames=1024, Channels=2, Samples=2048
[2023.06.06-05.43.05:976][  0]LogAudioMixer: Display: Starting AudioMixerPlatformInterface::RunInternal()
[2023.06.06-05.43.05:976][  0]LogAudioMixer: Display: FMixerPlatformXAudio2::SubmitBuffer() called for the first time
[2023.06.06-05.43.05:976][  0]LogInit: FAudioDevice initialized.
[2023.06.06-05.43.05:976][  0]LogAudio: Display: Audio Device (ID: 1) registered with world 'Untitled'.
[2023.06.06-05.43.05:976][  0]LogNetVersion: Set ProjectVersion to 1.0.0.0. Version Checksum will be recalculated on next use.
[2023.06.06-05.43.06:033][  0]LogDerivedDataCache: Saved boot cache 0.06s 94MB C:/Users/USER/AppData/Local/UnrealEngine/4.27/DerivedDataCache/Boot.ddc.
[2023.06.06-05.43.06:034][  0]LogInit: Texture streaming: Enabled
[2023.06.06-05.43.06:048][  0]LogAnalytics: Display: [UEEditor.Rocket.Release] APIServer = https://datarouter.ol.epicgames.com/. AppVersion = 4.27.2-18319896+++UE4+Release-4.27
[2023.06.06-05.43.06:055][  0]LogEngineSessionManager: EngineSessionManager initialized
[2023.06.06-05.43.06:055][  0]LogEditorSessionSummary: Verbose: Initializing EditorSessionSummaryWriter for editor session tracking
[2023.06.06-05.43.06:062][  0]LogEditorSessionSummary: EditorSessionSummaryWriter initialized
[2023.06.06-05.43.06:116][  0]LogInit: Transaction tracking system initialized
[2023.06.06-05.43.06:141][  0]BlueprintLog: New page: エディタの読み込み
[2023.06.06-05.43.06:206][  0]LocalizationService: ローカライズのサービスが無効になりました
[2023.06.06-05.43.06:236][  0]TimingProfiler: Initialize
[2023.06.06-05.43.06:236][  0]TimingProfiler: OnSessionChanged
[2023.06.06-05.43.06:236][  0]LoadingProfiler: Initialize
[2023.06.06-05.43.06:237][  0]LoadingProfiler: OnSessionChanged
[2023.06.06-05.43.06:237][  0]NetworkingProfiler: Initialize
[2023.06.06-05.43.06:237][  0]NetworkingProfiler: OnSessionChanged
[2023.06.06-05.43.06:237][  0]MemoryProfiler: Initialize
[2023.06.06-05.43.06:237][  0]MemoryProfiler: OnSessionChanged
[2023.06.06-05.43.06:424][  0]LogCook: Display: CookSettings for Memory: MemoryMaxUsedVirtual 0MiB, MemoryMaxUsedPhysical 16384MiB, MemoryMinFreeVirtual 0MiB, MemoryMinFreePhysical 1024MiB
[2023.06.06-05.43.06:424][  0]LogCook: Display: Mobile HDR setting 1
[2023.06.06-05.43.06:582][  0]LogFileCache: Scanning file cache for directory 'C:/Users/USER/Desktop/DataShare/syuri_data/Content/' took 0.01s
[2023.06.06-05.43.06:886][  0]LogInit: Display: Engine is initialized. Leaving FEngineLoop::Init()
[2023.06.06-05.43.06:891][  0]SourceControl: ソースコントロールは無効です
[2023.06.06-05.43.06:891][  0]LogUnrealEdMisc: Loading editor; pre map load, took 8.119
[2023.06.06-05.43.06:891][  0]Cmd: MAP LOAD FILE="../../../Engine/Content/Maps/Templates/Template_Default.umap" TEMPLATE=1 SHOWPROGRESS=1 FEATURELEVEL=3
[2023.06.06-05.43.06:892][  0]LightingResults: New page: ライティングのビルド
[2023.06.06-05.43.06:892][  0]LogWorld: UWorld::CleanupWorld for Untitled, bSessionEnded=true, bCleanupResources=true
[2023.06.06-05.43.06:892][  0]LogSlate: InvalidateAllWidgets triggered.  All widgets were invalidated
[2023.06.06-05.43.06:894][  0]MapCheck: New page: マップをチェック
[2023.06.06-05.43.06:894][  0]LightingResults: New page: <何も選択されていません>
[2023.06.06-05.43.06:898][  0]LogAudio: Display: Audio Device unregistered from world 'None'.
[2023.06.06-05.43.06:901][  0]LogUObjectHash: Compacting FUObjectHashTables data took   0.79ms
[2023.06.06-05.43.06:951][  0]LogTexture: Display: テクスチャをビルドしています:DeprecatedTextureEB9CBE3C423008B5E8E130901E171C89 (BGRA8、128X128)
[2023.06.06-05.43.06:959][  0]LogAudio: Display: Audio Device (ID: 1) registered with world 'Untitled_1'.
[2023.06.06-05.43.06:960][  0]LogAIModule: Creating AISystem for world Untitled_1
[2023.06.06-05.43.06:964][  0]LogEditorServer: Finished looking for orphan Actors (0.000 secs)
[2023.06.06-05.43.06:971][  0]LogUObjectHash: Compacting FUObjectHashTables data took   1.04ms
[2023.06.06-05.43.06:971][  0]Cmd: MAP CHECKDEP NOCLEARLOG
[2023.06.06-05.43.06:971][  0]MapCheck: マップチェックが完了: 0 エラー、 0 警告、完了に 0.138ミリ秒かかりました。
[2023.06.06-05.43.06:971][  0]LogFileHelpers: Loading map 'Template_Default' took 0.080
[2023.06.06-05.43.06:973][  0]LogUnrealEdMisc: Total Editor Startup Time, took 8.201
[2023.06.06-05.43.07:048][  0]LogWindowsTextInputMethodSystem: Display: IME system activated using TSF (Microsoft IME).
[2023.06.06-05.43.07:091][  0]LogSlate: Updating window title bar state: overlay mode, drag disabled, window buttons hidden, title bar hidden
[2023.06.06-05.43.07:103][  0]LogSlate: Updating window title bar state: overlay mode, drag disabled, window buttons hidden, title bar hidden
[2023.06.06-05.43.07:111][  0]LogSlate: Updating window title bar state: overlay mode, drag disabled, window buttons hidden, title bar hidden
[2023.06.06-05.43.07:121][  0]LogSlate: Updating window title bar state: overlay mode, drag disabled, window buttons hidden, title bar hidden
[2023.06.06-05.43.07:148][  0]LogNativeClassHierarchy: Verbose: Native class hierarchy populated in 0.0173 seconds. Added 3834 classes and 949 folders.
[2023.06.06-05.43.07:152][  0]LogNativeClassHierarchy: Verbose: Native class hierarchy updated for 'WidgetCarousel' in 0.0004 seconds. Added 0 classes and 0 folders.
[2023.06.06-05.43.07:155][  0]LogPakFile: PakFile PrimaryIndexSize=187
[2023.06.06-05.43.07:155][  0]LogPakFile: PakFile PathHashIndexSize=101
[2023.06.06-05.43.07:155][  0]LogPakFile: PakFile FullDirectoryIndexSize=148
[2023.06.06-05.43.07:155][  0]LogShaderLibrary: Display: ShaderCodeLibraryPakFileMountedCallback: PakFile 'C:/Program Files/Epic Games/UE_4.27/FeaturePacks/FP_FirstPerson.upack' (chunk index -1, root 'root:/') mounted
[2023.06.06-05.43.07:155][  0]LogShaderLibrary: Display: ShaderCodeLibraryPakFileMountedCallback: pending pak file info (ChunkID:-1 Root:root:/ File:C:/Program Files/Epic Games/UE_4.27/FeaturePacks/FP_FirstPerson.upack)
[2023.06.06-05.43.07:155][  0]LogPakFile: OnPakFileMounted2Time == 0.000077
[2023.06.06-05.43.07:156][  0]LogPakFile: PakFile PrimaryIndexSize=189
[2023.06.06-05.43.07:156][  0]LogPakFile: PakFile PathHashIndexSize=101
[2023.06.06-05.43.07:156][  0]LogPakFile: PakFile FullDirectoryIndexSize=152
[2023.06.06-05.43.07:156][  0]LogShaderLibrary: Display: ShaderCodeLibraryPakFileMountedCallback: PakFile 'C:/Program Files/Epic Games/UE_4.27/FeaturePacks/FP_FirstPersonBP.upack' (chunk index -1, root 'root:/') mounted
[2023.06.06-05.43.07:156][  0]LogShaderLibrary: Display: ShaderCodeLibraryPakFileMountedCallback: pending pak file info (ChunkID:-1 Root:root:/ File:C:/Program Files/Epic Games/UE_4.27/FeaturePacks/FP_FirstPersonBP.upack)
[2023.06.06-05.43.07:156][  0]LogPakFile: OnPakFileMounted2Time == 0.000114
[2023.06.06-05.43.07:157][  0]LogPakFile: PakFile PrimaryIndexSize=191
[2023.06.06-05.43.07:157][  0]LogPakFile: PakFile PathHashIndexSize=101
[2023.06.06-05.43.07:157][  0]LogPakFile: PakFile FullDirectoryIndexSize=160
[2023.06.06-05.43.07:157][  0]LogShaderLibrary: Display: ShaderCodeLibraryPakFileMountedCallback: PakFile 'C:/Program Files/Epic Games/UE_4.27/FeaturePacks/MobileStarterContent.upack' (chunk index -1, root 'root:/') mounted
[2023.06.06-05.43.07:157][  0]LogShaderLibrary: Display: ShaderCodeLibraryPakFileMountedCallback: pending pak file info (ChunkID:-1 Root:root:/ File:C:/Program Files/Epic Games/UE_4.27/FeaturePacks/MobileStarterContent.upack)
[2023.06.06-05.43.07:157][  0]LogPakFile: OnPakFileMounted2Time == 0.000062
[2023.06.06-05.43.07:158][  0]LogPakFile: PakFile PrimaryIndexSize=185
[2023.06.06-05.43.07:158][  0]LogPakFile: PakFile PathHashIndexSize=101
[2023.06.06-05.43.07:158][  0]LogPakFile: PakFile FullDirectoryIndexSize=148
[2023.06.06-05.43.07:158][  0]LogShaderLibrary: Display: ShaderCodeLibraryPakFileMountedCallback: PakFile 'C:/Program Files/Epic Games/UE_4.27/FeaturePacks/StarterContent.upack' (chunk index -1, root 'root:/') mounted
[2023.06.06-05.43.07:158][  0]LogShaderLibrary: Display: ShaderCodeLibraryPakFileMountedCallback: pending pak file info (ChunkID:-1 Root:root:/ File:C:/Program Files/Epic Games/UE_4.27/FeaturePacks/StarterContent.upack)
[2023.06.06-05.43.07:158][  0]LogPakFile: OnPakFileMounted2Time == 0.000044
[2023.06.06-05.43.07:159][  0]LogPakFile: PakFile PrimaryIndexSize=190
[2023.06.06-05.43.07:159][  0]LogPakFile: PakFile PathHashIndexSize=101
[2023.06.06-05.43.07:159][  0]LogPakFile: PakFile FullDirectoryIndexSize=154
[2023.06.06-05.43.07:159][  0]LogShaderLibrary: Display: ShaderCodeLibraryPakFileMountedCallback: PakFile 'C:/Program Files/Epic Games/UE_4.27/FeaturePacks/TP_2DSideScroller.upack' (chunk index -1, root 'root:/') mounted
[2023.06.06-05.43.07:159][  0]LogShaderLibrary: Display: ShaderCodeLibraryPakFileMountedCallback: pending pak file info (ChunkID:-1 Root:root:/ File:C:/Program Files/Epic Games/UE_4.27/FeaturePacks/TP_2DSideScroller.upack)
[2023.06.06-05.43.07:159][  0]LogPakFile: OnPakFileMounted2Time == 0.000073
[2023.06.06-05.43.07:160][  0]LogPakFile: PakFile PrimaryIndexSize=192
[2023.06.06-05.43.07:160][  0]LogPakFile: PakFile PathHashIndexSize=101
[2023.06.06-05.43.07:160][  0]LogPakFile: PakFile FullDirectoryIndexSize=158
[2023.06.06-05.43.07:160][  0]LogShaderLibrary: Display: ShaderCodeLibraryPakFileMountedCallback: PakFile 'C:/Program Files/Epic Games/UE_4.27/FeaturePacks/TP_2DSideScrollerBP.upack' (chunk index -1, root 'root:/') mounted
[2023.06.06-05.43.07:160][  0]LogShaderLibrary: Display: ShaderCodeLibraryPakFileMountedCallback: pending pak file info (ChunkID:-1 Root:root:/ File:C:/Program Files/Epic Games/UE_4.27/FeaturePacks/TP_2DSideScrollerBP.upack)
[2023.06.06-05.43.07:160][  0]LogPakFile: OnPakFileMounted2Time == 0.000071
[2023.06.06-05.43.07:160][  0]LogPakFile: PakFile PrimaryIndexSize=182
[2023.06.06-05.43.07:160][  0]LogPakFile: PakFile PathHashIndexSize=101
[2023.06.06-05.43.07:160][  0]LogPakFile: PakFile FullDirectoryIndexSize=138
[2023.06.06-05.43.07:160][  0]LogShaderLibrary: Display: ShaderCodeLibraryPakFileMountedCallback: PakFile 'C:/Program Files/Epic Games/UE_4.27/FeaturePacks/TP_Flying.upack' (chunk index -1, root 'root:/') mounted
[2023.06.06-05.43.07:160][  0]LogShaderLibrary: Display: ShaderCodeLibraryPakFileMountedCallback: pending pak file info (ChunkID:-1 Root:root:/ File:C:/Program Files/Epic Games/UE_4.27/FeaturePacks/TP_Flying.upack)
[2023.06.06-05.43.07:160][  0]LogPakFile: OnPakFileMounted2Time == 0.000047
[2023.06.06-05.43.07:161][  0]LogPakFile: PakFile PrimaryIndexSize=184
[2023.06.06-05.43.07:161][  0]LogPakFile: PakFile PathHashIndexSize=101
[2023.06.06-05.43.07:161][  0]LogPakFile: PakFile FullDirectoryIndexSize=142
[2023.06.06-05.43.07:161][  0]LogShaderLibrary: Display: ShaderCodeLibraryPakFileMountedCallback: PakFile 'C:/Program Files/Epic Games/UE_4.27/FeaturePacks/TP_FlyingBP.upack' (chunk index -1, root 'root:/') mounted
[2023.06.06-05.43.07:161][  0]LogShaderLibrary: Display: ShaderCodeLibraryPakFileMountedCallback: pending pak file info (ChunkID:-1 Root:root:/ File:C:/Program Files/Epic Games/UE_4.27/FeaturePacks/TP_FlyingBP.upack)
[2023.06.06-05.43.07:161][  0]LogPakFile: OnPakFileMounted2Time == 0.000045
[2023.06.06-05.43.07:161][  0]LogPakFile: PakFile PrimaryIndexSize=188
[2023.06.06-05.43.07:161][  0]LogPakFile: PakFile PathHashIndexSize=101
[2023.06.06-05.43.07:161][  0]LogPakFile: PakFile FullDirectoryIndexSize=150
[2023.06.06-05.43.07:161][  0]LogShaderLibrary: Display: ShaderCodeLibraryPakFileMountedCallback: PakFile 'C:/Program Files/Epic Games/UE_4.27/FeaturePacks/TP_HandheldARBP.upack' (chunk index -1, root 'root:/') mounted
[2023.06.06-05.43.07:163][  0]LogShaderLibrary: Display: ShaderCodeLibraryPakFileMountedCallback: pending pak file info (ChunkID:-1 Root:root:/ File:C:/Program Files/Epic Games/UE_4.27/FeaturePacks/TP_HandheldARBP.upack)
[2023.06.06-05.43.07:163][  0]LogPakFile: OnPakFileMounted2Time == 0.000091
[2023.06.06-05.43.07:164][  0]LogPakFile: PakFile PrimaryIndexSize=182
[2023.06.06-05.43.07:164][  0]LogPakFile: PakFile PathHashIndexSize=101
[2023.06.06-05.43.07:164][  0]LogPakFile: PakFile FullDirectoryIndexSize=138
[2023.06.06-05.43.07:164][  0]LogShaderLibrary: Display: ShaderCodeLibraryPakFileMountedCallback: PakFile 'C:/Program Files/Epic Games/UE_4.27/FeaturePacks/TP_Puzzle.upack' (chunk index -1, root 'root:/') mounted
[2023.06.06-05.43.07:164][  0]LogShaderLibrary: Display: ShaderCodeLibraryPakFileMountedCallback: pending pak file info (ChunkID:-1 Root:root:/ File:C:/Program Files/Epic Games/UE_4.27/FeaturePacks/TP_Puzzle.upack)
[2023.06.06-05.43.07:164][  0]LogPakFile: OnPakFileMounted2Time == 0.000057
[2023.06.06-05.43.07:165][  0]LogPakFile: PakFile PrimaryIndexSize=184
[2023.06.06-05.43.07:165][  0]LogPakFile: PakFile PathHashIndexSize=101
[2023.06.06-05.43.07:165][  0]LogPakFile: PakFile FullDirectoryIndexSize=142
[2023.06.06-05.43.07:165][  0]LogShaderLibrary: Display: ShaderCodeLibraryPakFileMountedCallback: PakFile 'C:/Program Files/Epic Games/UE_4.27/FeaturePacks/TP_PuzzleBP.upack' (chunk index -1, root 'root:/') mounted
[2023.06.06-05.43.07:165][  0]LogShaderLibrary: Display: ShaderCodeLibraryPakFileMountedCallback: pending pak file info (ChunkID:-1 Root:root:/ File:C:/Program Files/Epic Games/UE_4.27/FeaturePacks/TP_PuzzleBP.upack)
[2023.06.06-05.43.07:165][  0]LogPakFile: OnPakFileMounted2Time == 0.000065
[2023.06.06-05.43.07:165][  0]LogPakFile: PakFile PrimaryIndexSize=183
[2023.06.06-05.43.07:165][  0]LogPakFile: PakFile PathHashIndexSize=101
[2023.06.06-05.43.07:165][  0]LogPakFile: PakFile FullDirectoryIndexSize=140
[2023.06.06-05.43.07:165][  0]LogShaderLibrary: Display: ShaderCodeLibraryPakFileMountedCallback: PakFile 'C:/Program Files/Epic Games/UE_4.27/FeaturePacks/TP_Rolling.upack' (chunk index -1, root 'root:/') mounted
[2023.06.06-05.43.07:166][  0]LogShaderLibrary: Display: ShaderCodeLibraryPakFileMountedCallback: pending pak file info (ChunkID:-1 Root:root:/ File:C:/Program Files/Epic Games/UE_4.27/FeaturePacks/TP_Rolling.upack)
[2023.06.06-05.43.07:166][  0]LogPakFile: OnPakFileMounted2Time == 0.000129
[2023.06.06-05.43.07:167][  0]LogPakFile: PakFile PrimaryIndexSize=185
[2023.06.06-05.43.07:167][  0]LogPakFile: PakFile PathHashIndexSize=101
[2023.06.06-05.43.07:167][  0]LogPakFile: PakFile FullDirectoryIndexSize=144
[2023.06.06-05.43.07:167][  0]LogShaderLibrary: Display: ShaderCodeLibraryPakFileMountedCallback: PakFile 'C:/Program Files/Epic Games/UE_4.27/FeaturePacks/TP_RollingBP.upack' (chunk index -1, root 'root:/') mounted
[2023.06.06-05.43.07:167][  0]LogShaderLibrary: Display: ShaderCodeLibraryPakFileMountedCallback: pending pak file info (ChunkID:-1 Root:root:/ File:C:/Program Files/Epic Games/UE_4.27/FeaturePacks/TP_RollingBP.upack)
[2023.06.06-05.43.07:167][  0]LogPakFile: OnPakFileMounted2Time == 0.000068
[2023.06.06-05.43.07:168][  0]LogPakFile: PakFile PrimaryIndexSize=188
[2023.06.06-05.43.07:168][  0]LogPakFile: PakFile PathHashIndexSize=101
[2023.06.06-05.43.07:168][  0]LogPakFile: PakFile FullDirectoryIndexSize=150
[2023.06.06-05.43.07:168][  0]LogShaderLibrary: Display: ShaderCodeLibraryPakFileMountedCallback: PakFile 'C:/Program Files/Epic Games/UE_4.27/FeaturePacks/TP_SideScroller.upack' (chunk index -1, root 'root:/') mounted
[2023.06.06-05.43.07:168][  0]LogShaderLibrary: Display: ShaderCodeLibraryPakFileMountedCallback: pending pak file info (ChunkID:-1 Root:root:/ File:C:/Program Files/Epic Games/UE_4.27/FeaturePacks/TP_SideScroller.upack)
[2023.06.06-05.43.07:168][  0]LogPakFile: OnPakFileMounted2Time == 0.000034
[2023.06.06-05.43.07:168][  0]LogPakFile: PakFile PrimaryIndexSize=190
[2023.06.06-05.43.07:168][  0]LogPakFile: PakFile PathHashIndexSize=101
[2023.06.06-05.43.07:168][  0]LogPakFile: PakFile FullDirectoryIndexSize=154
[2023.06.06-05.43.07:168][  0]LogShaderLibrary: Display: ShaderCodeLibraryPakFileMountedCallback: PakFile 'C:/Program Files/Epic Games/UE_4.27/FeaturePacks/TP_SideScrollerBP.upack' (chunk index -1, root 'root:/') mounted
[2023.06.06-05.43.07:169][  0]LogShaderLibrary: Display: ShaderCodeLibraryPakFileMountedCallback: pending pak file info (ChunkID:-1 Root:root:/ File:C:/Program Files/Epic Games/UE_4.27/FeaturePacks/TP_SideScrollerBP.upack)
[2023.06.06-05.43.07:169][  0]LogPakFile: OnPakFileMounted2Time == 0.000055
[2023.06.06-05.43.07:169][  0]LogPakFile: PakFile PrimaryIndexSize=187
[2023.06.06-05.43.07:169][  0]LogPakFile: PakFile PathHashIndexSize=101
[2023.06.06-05.43.07:169][  0]LogPakFile: PakFile FullDirectoryIndexSize=148
[2023.06.06-05.43.07:169][  0]LogShaderLibrary: Display: ShaderCodeLibraryPakFileMountedCallback: PakFile 'C:/Program Files/Epic Games/UE_4.27/FeaturePacks/TP_ThirdPerson.upack' (chunk index -1, root 'root:/') mounted
[2023.06.06-05.43.07:169][  0]LogShaderLibrary: Display: ShaderCodeLibraryPakFileMountedCallback: pending pak file info (ChunkID:-1 Root:root:/ File:C:/Program Files/Epic Games/UE_4.27/FeaturePacks/TP_ThirdPerson.upack)
[2023.06.06-05.43.07:169][  0]LogPakFile: OnPakFileMounted2Time == 0.000039
[2023.06.06-05.43.07:170][  0]LogPakFile: PakFile PrimaryIndexSize=189
[2023.06.06-05.43.07:170][  0]LogPakFile: PakFile PathHashIndexSize=101
[2023.06.06-05.43.07:170][  0]LogPakFile: PakFile FullDirectoryIndexSize=152
[2023.06.06-05.43.07:170][  0]LogShaderLibrary: Display: ShaderCodeLibraryPakFileMountedCallback: PakFile 'C:/Program Files/Epic Games/UE_4.27/FeaturePacks/TP_ThirdPersonBP.upack' (chunk index -1, root 'root:/') mounted
[2023.06.06-05.43.07:170][  0]LogShaderLibrary: Display: ShaderCodeLibraryPakFileMountedCallback: pending pak file info (ChunkID:-1 Root:root:/ File:C:/Program Files/Epic Games/UE_4.27/FeaturePacks/TP_ThirdPersonBP.upack)
[2023.06.06-05.43.07:170][  0]LogPakFile: OnPakFileMounted2Time == 0.000033
[2023.06.06-05.43.07:170][  0]LogPakFile: PakFile PrimaryIndexSize=183
[2023.06.06-05.43.07:170][  0]LogPakFile: PakFile PathHashIndexSize=101
[2023.06.06-05.43.07:170][  0]LogPakFile: PakFile FullDirectoryIndexSize=140
[2023.06.06-05.43.07:170][  0]LogShaderLibrary: Display: ShaderCodeLibraryPakFileMountedCallback: PakFile 'C:/Program Files/Epic Games/UE_4.27/FeaturePacks/TP_TopDown.upack' (chunk index -1, root 'root:/') mounted
[2023.06.06-05.43.07:170][  0]LogShaderLibrary: Display: ShaderCodeLibraryPakFileMountedCallback: pending pak file info (ChunkID:-1 Root:root:/ File:C:/Program Files/Epic Games/UE_4.27/FeaturePacks/TP_TopDown.upack)
[2023.06.06-05.43.07:170][  0]LogPakFile: OnPakFileMounted2Time == 0.000040
[2023.06.06-05.43.07:171][  0]LogPakFile: PakFile PrimaryIndexSize=185
[2023.06.06-05.43.07:171][  0]LogPakFile: PakFile PathHashIndexSize=101
[2023.06.06-05.43.07:171][  0]LogPakFile: PakFile FullDirectoryIndexSize=144
[2023.06.06-05.43.07:171][  0]LogShaderLibrary: Display: ShaderCodeLibraryPakFileMountedCallback: PakFile 'C:/Program Files/Epic Games/UE_4.27/FeaturePacks/TP_TopDownBP.upack' (chunk index -1, root 'root:/') mounted
[2023.06.06-05.43.07:171][  0]LogShaderLibrary: Display: ShaderCodeLibraryPakFileMountedCallback: pending pak file info (ChunkID:-1 Root:root:/ File:C:/Program Files/Epic Games/UE_4.27/FeaturePacks/TP_TopDownBP.upack)
[2023.06.06-05.43.07:171][  0]LogPakFile: OnPakFileMounted2Time == 0.000046
[2023.06.06-05.43.07:172][  0]LogPakFile: PakFile PrimaryIndexSize=185
[2023.06.06-05.43.07:172][  0]LogPakFile: PakFile PathHashIndexSize=101
[2023.06.06-05.43.07:172][  0]LogPakFile: PakFile FullDirectoryIndexSize=144
[2023.06.06-05.43.07:172][  0]LogShaderLibrary: Display: ShaderCodeLibraryPakFileMountedCallback: PakFile 'C:/Program Files/Epic Games/UE_4.27/FeaturePacks/TP_TwinStick.upack' (chunk index -1, root 'root:/') mounted
[2023.06.06-05.43.07:172][  0]LogShaderLibrary: Display: ShaderCodeLibraryPakFileMountedCallback: pending pak file info (ChunkID:-1 Root:root:/ File:C:/Program Files/Epic Games/UE_4.27/FeaturePacks/TP_TwinStick.upack)
[2023.06.06-05.43.07:172][  0]LogPakFile: OnPakFileMounted2Time == 0.000057
[2023.06.06-05.43.07:172][  0]LogPakFile: PakFile PrimaryIndexSize=187
[2023.06.06-05.43.07:172][  0]LogPakFile: PakFile PathHashIndexSize=101
[2023.06.06-05.43.07:172][  0]LogPakFile: PakFile FullDirectoryIndexSize=148
[2023.06.06-05.43.07:173][  0]LogShaderLibrary: Display: ShaderCodeLibraryPakFileMountedCallback: PakFile 'C:/Program Files/Epic Games/UE_4.27/FeaturePacks/TP_TwinStickBP.upack' (chunk index -1, root 'root:/') mounted
[2023.06.06-05.43.07:173][  0]LogShaderLibrary: Display: ShaderCodeLibraryPakFileMountedCallback: pending pak file info (ChunkID:-1 Root:root:/ File:C:/Program Files/Epic Games/UE_4.27/FeaturePacks/TP_TwinStickBP.upack)
[2023.06.06-05.43.07:173][  0]LogPakFile: OnPakFileMounted2Time == 0.000041
[2023.06.06-05.43.07:173][  0]LogPakFile: PakFile PrimaryIndexSize=183
[2023.06.06-05.43.07:173][  0]LogPakFile: PakFile PathHashIndexSize=101
[2023.06.06-05.43.07:173][  0]LogPakFile: PakFile FullDirectoryIndexSize=140
[2023.06.06-05.43.07:173][  0]LogShaderLibrary: Display: ShaderCodeLibraryPakFileMountedCallback: PakFile 'C:/Program Files/Epic Games/UE_4.27/FeaturePacks/TP_Vehicle.upack' (chunk index -1, root 'root:/') mounted
[2023.06.06-05.43.07:173][  0]LogShaderLibrary: Display: ShaderCodeLibraryPakFileMountedCallback: pending pak file info (ChunkID:-1 Root:root:/ File:C:/Program Files/Epic Games/UE_4.27/FeaturePacks/TP_Vehicle.upack)
[2023.06.06-05.43.07:173][  0]LogPakFile: OnPakFileMounted2Time == 0.000040
[2023.06.06-05.43.07:173][  0]LogPakFile: PakFile PrimaryIndexSize=186
[2023.06.06-05.43.07:173][  0]LogPakFile: PakFile PathHashIndexSize=101
[2023.06.06-05.43.07:173][  0]LogPakFile: PakFile FullDirectoryIndexSize=146
[2023.06.06-05.43.07:173][  0]LogShaderLibrary: Display: ShaderCodeLibraryPakFileMountedCallback: PakFile 'C:/Program Files/Epic Games/UE_4.27/FeaturePacks/TP_VehicleAdv.upack' (chunk index -1, root 'root:/') mounted
[2023.06.06-05.43.07:173][  0]LogShaderLibrary: Display: ShaderCodeLibraryPakFileMountedCallback: pending pak file info (ChunkID:-1 Root:root:/ File:C:/Program Files/Epic Games/UE_4.27/FeaturePacks/TP_VehicleAdv.upack)
[2023.06.06-05.43.07:173][  0]LogPakFile: OnPakFileMounted2Time == 0.000034
[2023.06.06-05.43.07:174][  0]LogPakFile: PakFile PrimaryIndexSize=188
[2023.06.06-05.43.07:174][  0]LogPakFile: PakFile PathHashIndexSize=101
[2023.06.06-05.43.07:174][  0]LogPakFile: PakFile FullDirectoryIndexSize=150
[2023.06.06-05.43.07:174][  0]LogShaderLibrary: Display: ShaderCodeLibraryPakFileMountedCallback: PakFile 'C:/Program Files/Epic Games/UE_4.27/FeaturePacks/TP_VehicleAdvBP.upack' (chunk index -1, root 'root:/') mounted
[2023.06.06-05.43.07:174][  0]LogShaderLibrary: Display: ShaderCodeLibraryPakFileMountedCallback: pending pak file info (ChunkID:-1 Root:root:/ File:C:/Program Files/Epic Games/UE_4.27/FeaturePacks/TP_VehicleAdvBP.upack)
[2023.06.06-05.43.07:174][  0]LogPakFile: OnPakFileMounted2Time == 0.000034
[2023.06.06-05.43.07:175][  0]LogPakFile: PakFile PrimaryIndexSize=185
[2023.06.06-05.43.07:175][  0]LogPakFile: PakFile PathHashIndexSize=101
[2023.06.06-05.43.07:175][  0]LogPakFile: PakFile FullDirectoryIndexSize=144
[2023.06.06-05.43.07:175][  0]LogShaderLibrary: Display: ShaderCodeLibraryPakFileMountedCallback: PakFile 'C:/Program Files/Epic Games/UE_4.27/FeaturePacks/TP_VehicleBP.upack' (chunk index -1, root 'root:/') mounted
[2023.06.06-05.43.07:175][  0]LogShaderLibrary: Display: ShaderCodeLibraryPakFileMountedCallback: pending pak file info (ChunkID:-1 Root:root:/ File:C:/Program Files/Epic Games/UE_4.27/FeaturePacks/TP_VehicleBP.upack)
[2023.06.06-05.43.07:175][  0]LogPakFile: OnPakFileMounted2Time == 0.000067
[2023.06.06-05.43.07:176][  0]LogPakFile: PakFile PrimaryIndexSize=192
[2023.06.06-05.43.07:176][  0]LogPakFile: PakFile PathHashIndexSize=101
[2023.06.06-05.43.07:176][  0]LogPakFile: PakFile FullDirectoryIndexSize=158
[2023.06.06-05.43.07:176][  0]LogShaderLibrary: Display: ShaderCodeLibraryPakFileMountedCallback: PakFile 'C:/Program Files/Epic Games/UE_4.27/FeaturePacks/TP_VirtualRealityBP.upack' (chunk index -1, root 'root:/') mounted
[2023.06.06-05.43.07:176][  0]LogShaderLibrary: Display: ShaderCodeLibraryPakFileMountedCallback: pending pak file info (ChunkID:-1 Root:root:/ File:C:/Program Files/Epic Games/UE_4.27/FeaturePacks/TP_VirtualRealityBP.upack)
[2023.06.06-05.43.07:176][  0]LogPakFile: OnPakFileMounted2Time == 0.000034
[2023.06.06-05.43.07:247][  0]LogNativeClassHierarchy: Verbose: Native class hierarchy updated for 'AddContentDialog' in 0.0003 seconds. Added 0 classes and 0 folders.
[2023.06.06-05.43.07:248][  0]LogNativeClassHierarchy: Verbose: Native class hierarchy updated for 'SceneOutliner' in 0.0002 seconds. Added 2 classes and 0 folders.
[2023.06.06-05.43.07:300][  0]LogSlate: Took 0.000199 seconds to synchronously load lazily loaded font '../../../Engine/Content/Slate/Fonts/Roboto-Regular.ttf' (155K)
[2023.06.06-05.43.07:300][  0]LogSlate: Took 0.000272 seconds to synchronously load lazily loaded font '../../../Engine/Content/Editor/Slate/Fonts/GenEiGothicPro-Regular.otf' (707K)
[2023.06.06-05.43.07:301][  0]LogSlate: Took 0.000159 seconds to synchronously load lazily loaded font '../../../Engine/Content/Editor/Slate/Fonts/FontAwesome.ttf' (139K)
[2023.06.06-05.43.07:301][  0]LogSlate: Took 0.000253 seconds to synchronously load lazily loaded font '../../../Engine/Content/Editor/Slate/Fonts/GenEiGothicPro-Bold.otf' (698K)
[2023.06.06-05.43.07:302][  0]LogSlate: Took 0.000152 seconds to synchronously load lazily loaded font '../../../Engine/Content/Slate/Fonts/Roboto-Bold.ttf' (160K)
[2023.06.06-05.43.07:392][  0]LogRenderer: Reallocating scene render targets to support 968x428 Format 10 NumSamples 1 (Frame:1).
[2023.06.06-05.43.07:504][  0]LogNativeClassHierarchy: Verbose: Native class hierarchy updated for 'HierarchicalLODOutliner' in 0.0005 seconds. Added 0 classes and 0 folders.
[2023.06.06-05.43.07:504][  0]LogLoad: (Engine Initialization) Total time: 8.73 seconds
[2023.06.06-05.43.07:504][  0]LogLoad: (Engine Initialization) Total Blueprint compile time: 0.00 seconds
[2023.06.06-05.43.07:565][  0]LogAssetRegistry: Asset discovery search completed in 4.9969 seconds
[2023.06.06-05.43.07:572][  0]LogCollectionManager: Fixed up redirectors for 0 collections in 0.000003 seconds (updated 0 objects)
[2023.06.06-05.43.07:575][  0]LogContentStreaming: Texture pool size now 1000 MB
[2023.06.06-05.43.07:673][  3]LogSlate: Took 0.000220 seconds to synchronously load lazily loaded font '../../../Engine/Content/Slate/Fonts/Roboto-Light.ttf' (167K)
